Using pre-set license
Built from '2021.3/staging' branch; Version is '2021.3.4f1 (cb45f9cae8b7) revision 13321721'; Using compiler version '192829333'; Build Type 'Release'
OS: 'Windows 10  (10.0.19044) 64bit Professional' Language: 'en' Physical Memory: 16231 MB
BatchMode: 1, IsHumanControllingUs: 0, StartBugReporterOnCrash: 0, Is64bit: 1, IsPro: 1

COMMAND LINE ARGUMENTS:
D:\Programs\Unity Version\2021.3.4f1\Editor\Unity.exe
-adb2
-batchMode
-noUpm
-name
AssetImportWorker0
-projectPath
D:/UnityOnlineLearning
-logFile
Logs/AssetImportWorker0.log
-srvPort
59469
Successfully changed project path to: D:/UnityOnlineLearning
D:/UnityOnlineLearning
[UnityMemory] Configuration Parameters - Can be set up in boot.config
    "memorysetup-bucket-allocator-granularity=16"
    "memorysetup-bucket-allocator-bucket-count=8"
    "memorysetup-bucket-allocator-block-size=33554432"
    "memorysetup-bucket-allocator-block-count=8"
    "memorysetup-main-allocator-block-size=16777216"
    "memorysetup-thread-allocator-block-size=16777216"
    "memorysetup-gfx-main-allocator-block-size=16777216"
    "memorysetup-gfx-thread-allocator-block-size=16777216"
    "memorysetup-cache-allocator-block-size=4194304"
    "memorysetup-typetree-allocator-block-size=2097152"
    "memorysetup-profiler-bucket-allocator-granularity=16"
    "memorysetup-profiler-bucket-allocator-bucket-count=8"
    "memorysetup-profiler-bucket-allocator-block-size=33554432"
    "memorysetup-profiler-bucket-allocator-block-count=8"
    "memorysetup-profiler-allocator-block-size=16777216"
    "memorysetup-profiler-editor-allocator-block-size=1048576"
    "memorysetup-temp-allocator-size-main=16777216"
    "memorysetup-job-temp-allocator-block-size=2097152"
    "memorysetup-job-temp-allocator-block-size-background=1048576"
    "memorysetup-job-temp-allocator-reduction-small-platforms=262144"
    "memorysetup-temp-allocator-size-background-worker=32768"
    "memorysetup-temp-allocator-size-job-worker=262144"
    "memorysetup-temp-allocator-size-preload-manager=33554432"
    "memorysetup-temp-allocator-size-nav-mesh-worker=65536"
    "memorysetup-temp-allocator-size-audio-worker=65536"
    "memorysetup-temp-allocator-size-cloud-worker=32768"
    "memorysetup-temp-allocator-size-gi-baking-worker=262144"
    "memorysetup-temp-allocator-size-gfx=262144"
Refreshing native plugins compatible for Editor in 171.56 ms, found 4 plugins.
Preloading 0 native plugins for Editor in 0.00 ms.
Initialize engine version: 2021.3.4f1 (cb45f9cae8b7)
[Subsystems] Discovering subsystems at path D:/Programs/Unity Version/2021.3.4f1/Editor/Data/Resources/UnitySubsystems
[Subsystems] Discovering subsystems at path D:/UnityOnlineLearning/Assets
GfxDevice: creating device client; threaded=0; jobified=0
Direct3D:
    Version:  Direct3D 11.0 [level 11.1]
    Renderer: Intel(R) UHD Graphics 630 (ID=0x3e92)
    Vendor:   Intel
    VRAM:     8115 MB
    Driver:   31.0.101.2111
Initialize mono
Mono path[0] = 'D:/Programs/Unity Version/2021.3.4f1/Editor/Data/Managed'
Mono path[1] = 'D:/Programs/Unity Version/2021.3.4f1/Editor/Data/MonoBleedingEdge/lib/mono/unityjit-win32'
Mono config path = 'D:/Programs/Unity Version/2021.3.4f1/Editor/Data/MonoBleedingEdge/etc'
Using monoOptions --debugger-agent=transport=dt_socket,embedding=1,server=y,suspend=n,address=127.0.0.1:56964
Begin MonoManager ReloadAssembly
Registering precompiled unity dll's ...
Register platform support module: D:/Programs/Unity Version/2021.3.4f1/Editor/Data/PlaybackEngines/AndroidPlayer/UnityEditor.Android.Extensions.dll
Register platform support module: D:/Programs/Unity Version/2021.3.4f1/Editor/Data/PlaybackEngines/iOSSupport/UnityEditor.iOS.Extensions.dll
Register platform support module: D:/Programs/Unity Version/2021.3.4f1/Editor/Data/PlaybackEngines/WindowsStandaloneSupport/UnityEditor.WindowsStandalone.Extensions.dll
Registered in 0.003659 seconds.
Native extension for WindowsStandalone target not found
[usbmuxd] Start listen thread
[usbmuxd] Listen thread started
Native extension for iOS target not found
Native extension for Android target not found
Refreshing native plugins compatible for Editor in 160.61 ms, found 4 plugins.
Preloading 0 native plugins for Editor in 0.00 ms.
Mono: successfully reloaded assembly
- Completed reload, in  0.724 seconds
Domain Reload Profiling:
	ReloadAssembly (724ms)
		BeginReloadAssembly (69ms)
			ExecutionOrderSort (0ms)
			DisableScriptedObjects (0ms)
			BackupInstance (0ms)
			ReleaseScriptingObjects (0ms)
			CreateAndSetChildDomain (1ms)
		EndReloadAssembly (555ms)
			LoadAssemblies (68ms)
			RebuildTransferFunctionScriptingTraits (0ms)
			SetupTypeCache (107ms)
			ReleaseScriptCaches (0ms)
			RebuildScriptCaches (30ms)
			SetupLoadedEditorAssemblies (367ms)
				LogAssemblyErrors (0ms)
				InitializePlatformSupportModulesInManaged (61ms)
				SetLoadedEditorAssemblies (0ms)
				RefreshPlugins (161ms)
				BeforeProcessingInitializeOnLoad (1ms)
				ProcessInitializeOnLoadAttributes (98ms)
				ProcessInitializeOnLoadMethodAttributes (46ms)
				AfterProcessingInitializeOnLoad (0ms)
				EditorAssembliesLoaded (0ms)
			ExecutionOrderSort2 (0ms)
			AwakeInstancesAfterBackupRestoration (0ms)
Platform modules already initialized, skipping
Registering precompiled user dll's ...
Registered in 0.009779 seconds.
Begin MonoManager ReloadAssembly
Symbol file LoadedFromMemory doesn't match image D:\UnityOnlineLearning\Library\PackageCache\com.unity.visualscripting@1.7.8\Editor\VisualScripting.Core\Dependencies\DotNetZip\Unity.VisualScripting.IonicZip.dll
Symbol file LoadedFromMemory doesn't match image D:\UnityOnlineLearning\Library\PackageCache\com.unity.visualscripting@1.7.8\Editor\VisualScripting.Core\Dependencies\YamlDotNet\Unity.VisualScripting.YamlDotNet.dll
Native extension for WindowsStandalone target not found
Native extension for iOS target not found
Native extension for Android target not found
Refreshing native plugins compatible for Editor in 161.05 ms, found 4 plugins.
Preloading 0 native plugins for Editor in 0.00 ms.
Package Manager log level set to [2]
Mono: successfully reloaded assembly
- Completed reload, in  1.907 seconds
Domain Reload Profiling:
	ReloadAssembly (1908ms)
		BeginReloadAssembly (221ms)
			ExecutionOrderSort (0ms)
			DisableScriptedObjects (6ms)
			BackupInstance (0ms)
			ReleaseScriptingObjects (0ms)
			CreateAndSetChildDomain (132ms)
		EndReloadAssembly (1571ms)
			LoadAssemblies (109ms)
			RebuildTransferFunctionScriptingTraits (0ms)
			SetupTypeCache (364ms)
			ReleaseScriptCaches (1ms)
			RebuildScriptCaches (91ms)
			SetupLoadedEditorAssemblies (962ms)
				LogAssemblyErrors (0ms)
				InitializePlatformSupportModulesInManaged (20ms)
				SetLoadedEditorAssemblies (1ms)
				RefreshPlugins (161ms)
				BeforeProcessingInitializeOnLoad (184ms)
				ProcessInitializeOnLoadAttributes (444ms)
				ProcessInitializeOnLoadMethodAttributes (148ms)
				AfterProcessingInitializeOnLoad (3ms)
				EditorAssembliesLoaded (0ms)
			ExecutionOrderSort2 (0ms)
			AwakeInstancesAfterBackupRestoration (6ms)
Platform modules already initialized, skipping
========================================================================
Worker process is ready to serve import requests
Launched and connected shader compiler UnityShaderCompiler.exe after 0.05 seconds
Refreshing native plugins compatible for Editor in 1.35 ms, found 4 plugins.
Preloading 0 native plugins for Editor in 0.00 ms.
Unloading 7355 Unused Serialized files (Serialized files now loaded: 0)
Unloading 119 unused Assets / (2.0 MB). Loaded Objects now: 7773.
Memory consumption went from 307.4 MB to 305.4 MB.
Total: 7.974100 ms (FindLiveObjects: 0.565900 ms CreateObjectMapping: 0.514600 ms MarkObjects: 6.076100 ms  DeleteObjects: 0.816500 ms)

AssetImportParameters requested are different than current active one (requested -> active):
  custom:video-decoder-ogg-theora: a1e56fd34408186e4bbccfd4996cb3dc -> 
  custom:container-muxer-webm: aa71ff27fc2769a1b78a27578f13a17b -> 
  custom:container-demuxer-webm: 4f35f7cbe854078d1ac9338744f61a02 -> 
  custom:video-encoder-webm-vp8: eb34c28f22e8b96e1ab97ce403110664 -> 
  custom:audio-encoder-webm-vorbis: bf7c407c2cedff20999df2af8eb42d56 -> 
  custom:framework-win-MediaFoundation: 216162199b28c13a410421893ffa2e32 -> 
  custom:container-demuxer-ogg: 62fdf1f143b41e24485cea50d1cbac27 -> 
  custom:video-decoder-webm-vp8: 9c59270c3fd7afecdb556c50c9e8de78 -> 
  custom:audio-decoder-ogg-vorbis: bf7c407c2cedff20999df2af8eb42d56 -> 
========================================================================
Received Import Request.
  Time since last request: 596436.586063 seconds.
  path: Assets/Sprite/Minimap Render Texture.renderTexture
  artifactKey: Guid(0ca0ae6346c1ca04eae952bbde9471f1) Importer(815301076,1909f56bfc062723c751e8b465ee728b)
Start importing Assets/Sprite/Minimap Render Texture.renderTexture using Guid(0ca0ae6346c1ca04eae952bbde9471f1) Importer(815301076,1909f56bfc062723c751e8b465ee728b)  -> (artifact id: '10313e783f7bbe8dba08fb648bec172e') in 0.204607 seconds 
========================================================================
Received Import Request.
  Time since last request: 0.474425 seconds.
  path: Assets/Sprite/GameIcon
  artifactKey: Guid(d74cb74944b87674fa3da5134eef4b7b) Importer(815301076,1909f56bfc062723c751e8b465ee728b)
Start importing Assets/Sprite/GameIcon using Guid(d74cb74944b87674fa3da5134eef4b7b) Importer(815301076,1909f56bfc062723c751e8b465ee728b)  -> (artifact id: '2d568d157b94061765b11149c3ae683a') in 0.005027 seconds 
========================================================================
Received Prepare
Registering precompiled user dll's ...
Registered in 0.009410 seconds.
Begin MonoManager ReloadAssembly
Symbol file LoadedFromMemory doesn't match image D:\UnityOnlineLearning\Library\PackageCache\com.unity.visualscripting@1.7.8\Editor\VisualScripting.Core\Dependencies\DotNetZip\Unity.VisualScripting.IonicZip.dll
Symbol file LoadedFromMemory doesn't match image D:\UnityOnlineLearning\Library\PackageCache\com.unity.visualscripting@1.7.8\Editor\VisualScripting.Core\Dependencies\YamlDotNet\Unity.VisualScripting.YamlDotNet.dll
Native extension for WindowsStandalone target not found
Native extension for iOS target not found
Native extension for Android target not found
Refreshing native plugins compatible for Editor in 1.76 ms, found 4 plugins.
Preloading 0 native plugins for Editor in 0.00 ms.
Mono: successfully reloaded assembly
- Completed reload, in  1.956 seconds
Domain Reload Profiling:
	ReloadAssembly (1957ms)
		BeginReloadAssembly (150ms)
			ExecutionOrderSort (0ms)
			DisableScriptedObjects (6ms)
			BackupInstance (0ms)
			ReleaseScriptingObjects (0ms)
			CreateAndSetChildDomain (55ms)
		EndReloadAssembly (1708ms)
			LoadAssemblies (100ms)
			RebuildTransferFunctionScriptingTraits (0ms)
			SetupTypeCache (348ms)
			ReleaseScriptCaches (2ms)
			RebuildScriptCaches (57ms)
			SetupLoadedEditorAssemblies (1118ms)
				LogAssemblyErrors (0ms)
				InitializePlatformSupportModulesInManaged (42ms)
				SetLoadedEditorAssemblies (2ms)
				RefreshPlugins (2ms)
				BeforeProcessingInitializeOnLoad (166ms)
				ProcessInitializeOnLoadAttributes (664ms)
				ProcessInitializeOnLoadMethodAttributes (237ms)
				AfterProcessingInitializeOnLoad (4ms)
				EditorAssembliesLoaded (1ms)
			ExecutionOrderSort2 (0ms)
			AwakeInstancesAfterBackupRestoration (15ms)
Platform modules already initialized, skipping
Refreshing native plugins compatible for Editor in 7.01 ms, found 4 plugins.
Preloading 0 native plugins for Editor in 0.00 ms.
Unloading 7172 Unused Serialized files (Serialized files now loaded: 0)
Unloading 94 unused Assets / (2.0 MB). Loaded Objects now: 7793.
Memory consumption went from 297.5 MB to 295.5 MB.
Total: 10.172500 ms (FindLiveObjects: 0.603700 ms CreateObjectMapping: 0.558900 ms MarkObjects: 7.992000 ms  DeleteObjects: 1.016200 ms)

AssetImportParameters requested are different than current active one (requested -> active):
  custom:video-decoder-ogg-theora: a1e56fd34408186e4bbccfd4996cb3dc -> 
  custom:container-muxer-webm: aa71ff27fc2769a1b78a27578f13a17b -> 
  custom:container-demuxer-webm: 4f35f7cbe854078d1ac9338744f61a02 -> 
  custom:video-encoder-webm-vp8: eb34c28f22e8b96e1ab97ce403110664 -> 
  custom:audio-encoder-webm-vorbis: bf7c407c2cedff20999df2af8eb42d56 -> 
  custom:framework-win-MediaFoundation: 216162199b28c13a410421893ffa2e32 -> 
  custom:container-demuxer-ogg: 62fdf1f143b41e24485cea50d1cbac27 -> 
  custom:video-decoder-webm-vp8: 9c59270c3fd7afecdb556c50c9e8de78 -> 
  custom:audio-decoder-ogg-vorbis: bf7c407c2cedff20999df2af8eb42d56 -> 
========================================================================
Received Prepare
Refreshing native plugins compatible for Editor in 10.72 ms, found 4 plugins.
Preloading 0 native plugins for Editor in 0.00 ms.
Unloading 94 Unused Serialized files (Serialized files now loaded: 0)
Unloading 94 unused Assets / (2.0 MB). Loaded Objects now: 7793.
Memory consumption went from 154.8 MB to 152.8 MB.
Total: 7.478700 ms (FindLiveObjects: 0.488800 ms CreateObjectMapping: 0.454500 ms MarkObjects: 6.011500 ms  DeleteObjects: 0.523000 ms)

AssetImportParameters requested are different than current active one (requested -> active):
  custom:video-decoder-ogg-theora: a1e56fd34408186e4bbccfd4996cb3dc -> 
  custom:container-muxer-webm: aa71ff27fc2769a1b78a27578f13a17b -> 
  custom:container-demuxer-webm: 4f35f7cbe854078d1ac9338744f61a02 -> 
  custom:video-encoder-webm-vp8: eb34c28f22e8b96e1ab97ce403110664 -> 
  custom:audio-encoder-webm-vorbis: bf7c407c2cedff20999df2af8eb42d56 -> 
  custom:framework-win-MediaFoundation: 216162199b28c13a410421893ffa2e32 -> 
  custom:container-demuxer-ogg: 62fdf1f143b41e24485cea50d1cbac27 -> 
  custom:video-decoder-webm-vp8: 9c59270c3fd7afecdb556c50c9e8de78 -> 
  custom:audio-decoder-ogg-vorbis: bf7c407c2cedff20999df2af8eb42d56 -> 
========================================================================
Received Prepare
Registering precompiled user dll's ...
Registered in 0.010334 seconds.
Begin MonoManager ReloadAssembly
Symbol file LoadedFromMemory doesn't match image D:\UnityOnlineLearning\Library\PackageCache\com.unity.visualscripting@1.7.8\Editor\VisualScripting.Core\Dependencies\DotNetZip\Unity.VisualScripting.IonicZip.dll
Symbol file LoadedFromMemory doesn't match image D:\UnityOnlineLearning\Library\PackageCache\com.unity.visualscripting@1.7.8\Editor\VisualScripting.Core\Dependencies\YamlDotNet\Unity.VisualScripting.YamlDotNet.dll
Native extension for WindowsStandalone target not found
Native extension for iOS target not found
Native extension for Android target not found
Refreshing native plugins compatible for Editor in 3.55 ms, found 4 plugins.
Preloading 0 native plugins for Editor in 0.00 ms.
Mono: successfully reloaded assembly
- Completed reload, in  1.991 seconds
Domain Reload Profiling:
	ReloadAssembly (1992ms)
		BeginReloadAssembly (170ms)
			ExecutionOrderSort (0ms)
			DisableScriptedObjects (7ms)
			BackupInstance (0ms)
			ReleaseScriptingObjects (0ms)
			CreateAndSetChildDomain (62ms)
		EndReloadAssembly (1717ms)
			LoadAssemblies (115ms)
			RebuildTransferFunctionScriptingTraits (0ms)
			SetupTypeCache (399ms)
			ReleaseScriptCaches (2ms)
			RebuildScriptCaches (77ms)
			SetupLoadedEditorAssemblies (1042ms)
				LogAssemblyErrors (0ms)
				InitializePlatformSupportModulesInManaged (41ms)
				SetLoadedEditorAssemblies (1ms)
				RefreshPlugins (4ms)
				BeforeProcessingInitializeOnLoad (179ms)
				ProcessInitializeOnLoadAttributes (641ms)
				ProcessInitializeOnLoadMethodAttributes (173ms)
				AfterProcessingInitializeOnLoad (3ms)
				EditorAssembliesLoaded (0ms)
			ExecutionOrderSort2 (0ms)
			AwakeInstancesAfterBackupRestoration (12ms)
Platform modules already initialized, skipping
Refreshing native plugins compatible for Editor in 9.79 ms, found 4 plugins.
Preloading 0 native plugins for Editor in 0.00 ms.
Unloading 7172 Unused Serialized files (Serialized files now loaded: 0)
Unloading 94 unused Assets / (2.0 MB). Loaded Objects now: 7808.
Memory consumption went from 297.5 MB to 295.5 MB.
Total: 11.599600 ms (FindLiveObjects: 0.815900 ms CreateObjectMapping: 0.608200 ms MarkObjects: 9.169600 ms  DeleteObjects: 1.003600 ms)

AssetImportParameters requested are different than current active one (requested -> active):
  custom:video-decoder-ogg-theora: a1e56fd34408186e4bbccfd4996cb3dc -> 
  custom:container-muxer-webm: aa71ff27fc2769a1b78a27578f13a17b -> 
  custom:container-demuxer-webm: 4f35f7cbe854078d1ac9338744f61a02 -> 
  custom:video-encoder-webm-vp8: eb34c28f22e8b96e1ab97ce403110664 -> 
  custom:audio-encoder-webm-vorbis: bf7c407c2cedff20999df2af8eb42d56 -> 
  custom:framework-win-MediaFoundation: 216162199b28c13a410421893ffa2e32 -> 
  custom:container-demuxer-ogg: 62fdf1f143b41e24485cea50d1cbac27 -> 
  custom:video-decoder-webm-vp8: 9c59270c3fd7afecdb556c50c9e8de78 -> 
  custom:audio-decoder-ogg-vorbis: bf7c407c2cedff20999df2af8eb42d56 -> 
========================================================================
Received Import Request.
  Time since last request: 345.577102 seconds.
  path: Assets/Prefabs/Base.prefab
  artifactKey: Guid(cf94551075b2aee4a94b2d3b229298e2) Importer(815301076,1909f56bfc062723c751e8b465ee728b)
Start importing Assets/Prefabs/Base.prefab using Guid(cf94551075b2aee4a94b2d3b229298e2) Importer(815301076,1909f56bfc062723c751e8b465ee728b)  -> (artifact id: 'bfcf1f4e70de07825a6d5d0d76c723d8') in 0.435396 seconds 
========================================================================
Received Import Request.
  Time since last request: 0.000059 seconds.
  path: Assets/Prefabs/UnitSpawner.prefab
  artifactKey: Guid(dafef3939b6a8514091276b2853bedd6) Importer(815301076,1909f56bfc062723c751e8b465ee728b)
Start importing Assets/Prefabs/UnitSpawner.prefab using Guid(dafef3939b6a8514091276b2853bedd6) Importer(815301076,1909f56bfc062723c751e8b465ee728b)  -> (artifact id: '260f03a7755324bdac4b926234f23028') in 0.169492 seconds 
========================================================================
Received Import Request.
  Time since last request: 0.000037 seconds.
  path: Assets/Prefabs/SmailProjectile.prefab
  artifactKey: Guid(a1f4052842c7d9d43a0ab405cd3e63b3) Importer(815301076,1909f56bfc062723c751e8b465ee728b)
Start importing Assets/Prefabs/SmailProjectile.prefab using Guid(a1f4052842c7d9d43a0ab405cd3e63b3) Importer(815301076,1909f56bfc062723c751e8b465ee728b)  -> (artifact id: '896869927733d2415802cd2c015f7df6') in 0.044762 seconds 
========================================================================
Received Import Request.
  Time since last request: 0.000047 seconds.
  path: Assets/Prefabs/ResourceGenerator.prefab
  artifactKey: Guid(052ef113e41217a4b8b1147898d9fa56) Importer(815301076,1909f56bfc062723c751e8b465ee728b)
Start importing Assets/Prefabs/ResourceGenerator.prefab using Guid(052ef113e41217a4b8b1147898d9fa56) Importer(815301076,1909f56bfc062723c751e8b465ee728b)  -> (artifact id: 'b2b1da0bf575287b627454a854ae963d') in 0.054299 seconds 
========================================================================
Received Import Request.
  Time since last request: 0.000030 seconds.
  path: Assets/Prefabs/NetworkManager.prefab
  artifactKey: Guid(e26b0e5645883b741bb705da4fc3362b) Importer(815301076,1909f56bfc062723c751e8b465ee728b)
Start importing Assets/Prefabs/NetworkManager.prefab using Guid(e26b0e5645883b741bb705da4fc3362b) Importer(815301076,1909f56bfc062723c751e8b465ee728b)  -> (artifact id: '7721ba3517c99aacf1aea6240d8eb174') in 0.067841 seconds 
========================================================================
Received Import Request.
  Time since last request: 0.000042 seconds.
  path: Assets/Prefabs/SmailUnitSpawner.prefab
  artifactKey: Guid(8adbb701286073c48b6cc12a5eacfa0a) Importer(815301076,1909f56bfc062723c751e8b465ee728b)
Start importing Assets/Prefabs/SmailUnitSpawner.prefab using Guid(8adbb701286073c48b6cc12a5eacfa0a) Importer(815301076,1909f56bfc062723c751e8b465ee728b)  -> (artifact id: '7bd82a38550b19cd1167bbdd48f7ae95') in 0.114208 seconds 
========================================================================
Received Import Request.
  Time since last request: 0.000034 seconds.
  path: Assets/Prefabs/Unit.prefab
  artifactKey: Guid(516fedb8635df1d4f9e23885293fd642) Importer(815301076,1909f56bfc062723c751e8b465ee728b)
Start importing Assets/Prefabs/Unit.prefab using Guid(516fedb8635df1d4f9e23885293fd642) Importer(815301076,1909f56bfc062723c751e8b465ee728b)  -> (artifact id: 'b6a3e34e9291c547646ccaf7d4898ce9') in 0.037089 seconds 
========================================================================
Received Import Request.
  Time since last request: 0.000026 seconds.
  path: Assets/Prefabs/Player.prefab
  artifactKey: Guid(2730a6ae0d9e1bf488850565285e6db8) Importer(815301076,1909f56bfc062723c751e8b465ee728b)
Start importing Assets/Prefabs/Player.prefab using Guid(2730a6ae0d9e1bf488850565285e6db8) Importer(815301076,1909f56bfc062723c751e8b465ee728b)  -> (artifact id: '26a1e7bff3e88ccc98d10c68d8c39835') in 0.016450 seconds 
========================================================================
Received Import Request.
  Time since last request: 0.000039 seconds.
  path: Assets/Prefabs/Building.prefab
  artifactKey: Guid(f34312806d98b4d48b2cc12ba6ef1032) Importer(815301076,1909f56bfc062723c751e8b465ee728b)
Start importing Assets/Prefabs/Building.prefab using Guid(f34312806d98b4d48b2cc12ba6ef1032) Importer(815301076,1909f56bfc062723c751e8b465ee728b)  -> (artifact id: '386c7232924a73134aa5d50dddd99a39') in 0.061544 seconds 
========================================================================
Received Import Request.
  Time since last request: 0.000028 seconds.
  path: Assets/Prefabs/SmailUnit.prefab
  artifactKey: Guid(4ddb447fbaf84bd47acfaae91604c9a8) Importer(815301076,1909f56bfc062723c751e8b465ee728b)
Start importing Assets/Prefabs/SmailUnit.prefab using Guid(4ddb447fbaf84bd47acfaae91604c9a8) Importer(815301076,1909f56bfc062723c751e8b465ee728b)  -> (artifact id: '24810411ed441064a0bf0e92cea3ea62') in 0.034287 seconds 
========================================================================
Received Import Request.
  Time since last request: 0.000073 seconds.
  path: Assets/Prefabs/MyPlayer.prefab
  artifactKey: Guid(e5905ffa27de84009b346b49d518ba03) Importer(815301076,1909f56bfc062723c751e8b465ee728b)
Start importing Assets/Prefabs/MyPlayer.prefab using Guid(e5905ffa27de84009b346b49d518ba03) Importer(815301076,1909f56bfc062723c751e8b465ee728b)  -> (artifact id: '7c7e7fae699d8445785c059908942a22') in 0.059094 seconds 
========================================================================
Received Import Request.
  Time since last request: 0.000050 seconds.
  path: Assets/Prefabs/MediumUnit.prefab
  artifactKey: Guid(4fbd2bb704ef7c745b828138870aba13) Importer(815301076,1909f56bfc062723c751e8b465ee728b)
Start importing Assets/Prefabs/MediumUnit.prefab using Guid(4fbd2bb704ef7c745b828138870aba13) Importer(815301076,1909f56bfc062723c751e8b465ee728b)  -> (artifact id: '52aa25cf5a5999d756a1bbada1d1ee34') in 0.041609 seconds 
========================================================================
Received Import Request.
  Time since last request: 0.000117 seconds.
  path: Assets/Prefabs/MediumUnitSpawner.prefab
  artifactKey: Guid(94ca92f33f5452b4da96f97f722004b4) Importer(815301076,1909f56bfc062723c751e8b465ee728b)
Start importing Assets/Prefabs/MediumUnitSpawner.prefab using Guid(94ca92f33f5452b4da96f97f722004b4) Importer(815301076,1909f56bfc062723c751e8b465ee728b)  -> (artifact id: '1a3e1c129f7f152b4fcf50caeaada9a4') in 0.134114 seconds 
========================================================================
Received Import Request.
  Time since last request: 0.000040 seconds.
  path: Assets/Prefabs/Base1.prefab
  artifactKey: Guid(7b05f932ec745934f878a2098bd8b78f) Importer(815301076,1909f56bfc062723c751e8b465ee728b)
Start importing Assets/Prefabs/Base1.prefab using Guid(7b05f932ec745934f878a2098bd8b78f) Importer(815301076,1909f56bfc062723c751e8b465ee728b)  -> (artifact id: '38ac4fef9651b41e533771b15c50b63b') in 0.094564 seconds 
========================================================================
Received Import Request.
  Time since last request: 0.000040 seconds.
  path: Assets/Prefabs/Projectile.prefab
  artifactKey: Guid(de420a82547ddb841876947f64ce8cc3) Importer(815301076,1909f56bfc062723c751e8b465ee728b)
Start importing Assets/Prefabs/Projectile.prefab using Guid(de420a82547ddb841876947f64ce8cc3) Importer(815301076,1909f56bfc062723c751e8b465ee728b)  -> (artifact id: '695742670b09fce3fe60fd8fc42fb402') in 0.026473 seconds 
========================================================================
Received Import Request.
  Time since last request: 0.000027 seconds.
  path: Assets/Prefabs/MediumProjectile.prefab
  artifactKey: Guid(4e80b2baaa6692b44a804316358d596e) Importer(815301076,1909f56bfc062723c751e8b465ee728b)
Start importing Assets/Prefabs/MediumProjectile.prefab using Guid(4e80b2baaa6692b44a804316358d596e) Importer(815301076,1909f56bfc062723c751e8b465ee728b)  -> (artifact id: 'ea855762b5aecce0f8060e7b2d6b1494') in 0.021276 seconds 
========================================================================
Received Prepare
Registering precompiled user dll's ...
Registered in 0.009748 seconds.
Begin MonoManager ReloadAssembly
Symbol file LoadedFromMemory doesn't match image D:\UnityOnlineLearning\Library\PackageCache\com.unity.visualscripting@1.7.8\Editor\VisualScripting.Core\Dependencies\DotNetZip\Unity.VisualScripting.IonicZip.dll
Symbol file LoadedFromMemory doesn't match image D:\UnityOnlineLearning\Library\PackageCache\com.unity.visualscripting@1.7.8\Editor\VisualScripting.Core\Dependencies\YamlDotNet\Unity.VisualScripting.YamlDotNet.dll
Native extension for WindowsStandalone target not found
Native extension for iOS target not found
Native extension for Android target not found
Refreshing native plugins compatible for Editor in 1.48 ms, found 4 plugins.
Preloading 0 native plugins for Editor in 0.00 ms.
Mono: successfully reloaded assembly
- Completed reload, in  2.246 seconds
Domain Reload Profiling:
	ReloadAssembly (2248ms)
		BeginReloadAssembly (191ms)
			ExecutionOrderSort (0ms)
			DisableScriptedObjects (12ms)
			BackupInstance (0ms)
			ReleaseScriptingObjects (0ms)
			CreateAndSetChildDomain (77ms)
		EndReloadAssembly (1948ms)
			LoadAssemblies (126ms)
			RebuildTransferFunctionScriptingTraits (0ms)
			SetupTypeCache (389ms)
			ReleaseScriptCaches (2ms)
			RebuildScriptCaches (68ms)
			SetupLoadedEditorAssemblies (1240ms)
				LogAssemblyErrors (0ms)
				InitializePlatformSupportModulesInManaged (32ms)
				SetLoadedEditorAssemblies (1ms)
				RefreshPlugins (2ms)
				BeforeProcessingInitializeOnLoad (153ms)
				ProcessInitializeOnLoadAttributes (744ms)
				ProcessInitializeOnLoadMethodAttributes (302ms)
				AfterProcessingInitializeOnLoad (5ms)
				EditorAssembliesLoaded (1ms)
			ExecutionOrderSort2 (0ms)
			AwakeInstancesAfterBackupRestoration (27ms)
Platform modules already initialized, skipping
Refreshing native plugins compatible for Editor in 9.17 ms, found 4 plugins.
Preloading 0 native plugins for Editor in 0.00 ms.
Unloading 7180 Unused Serialized files (Serialized files now loaded: 0)
Unloading 99 unused Assets / (2.0 MB). Loaded Objects now: 7875.
Memory consumption went from 301.0 MB to 298.9 MB.
Total: 13.903100 ms (FindLiveObjects: 0.784400 ms CreateObjectMapping: 1.065300 ms MarkObjects: 11.281900 ms  DeleteObjects: 0.768200 ms)

AssetImportParameters requested are different than current active one (requested -> active):
  custom:video-decoder-ogg-theora: a1e56fd34408186e4bbccfd4996cb3dc -> 
  custom:container-muxer-webm: aa71ff27fc2769a1b78a27578f13a17b -> 
  custom:container-demuxer-webm: 4f35f7cbe854078d1ac9338744f61a02 -> 
  custom:video-encoder-webm-vp8: eb34c28f22e8b96e1ab97ce403110664 -> 
  custom:audio-encoder-webm-vorbis: bf7c407c2cedff20999df2af8eb42d56 -> 
  custom:framework-win-MediaFoundation: 216162199b28c13a410421893ffa2e32 -> 
  custom:container-demuxer-ogg: 62fdf1f143b41e24485cea50d1cbac27 -> 
  custom:video-decoder-webm-vp8: 9c59270c3fd7afecdb556c50c9e8de78 -> 
  custom:audio-decoder-ogg-vorbis: bf7c407c2cedff20999df2af8eb42d56 -> 
========================================================================
Received Import Request.
  Time since last request: 136.445266 seconds.
  path: Assets/Prefabs/NetworkManager.prefab
  artifactKey: Guid(e26b0e5645883b741bb705da4fc3362b) Importer(815301076,1909f56bfc062723c751e8b465ee728b)
Start importing Assets/Prefabs/NetworkManager.prefab using Guid(e26b0e5645883b741bb705da4fc3362b) Importer(815301076,1909f56bfc062723c751e8b465ee728b)  -> (artifact id: 'a207728e0d7413b637f141c4b3fc20dc') in 0.122149 seconds 
========================================================================
Received Import Request.
  Time since last request: 0.925992 seconds.
  path: Assets/Prefabs/NetworkManager.prefab
  artifactKey: Guid(e26b0e5645883b741bb705da4fc3362b) Importer(815301076,1909f56bfc062723c751e8b465ee728b)
Start importing Assets/Prefabs/NetworkManager.prefab using Guid(e26b0e5645883b741bb705da4fc3362b) Importer(815301076,1909f56bfc062723c751e8b465ee728b)  -> (artifact id: '00245d0cbf5ff03b354f2f32264e275d') in 0.041349 seconds 
========================================================================
Received Import Request.
  Time since last request: 0.642920 seconds.
  path: Assets/Prefabs/NetworkManager.prefab
  artifactKey: Guid(e26b0e5645883b741bb705da4fc3362b) Importer(815301076,1909f56bfc062723c751e8b465ee728b)
Start importing Assets/Prefabs/NetworkManager.prefab using Guid(e26b0e5645883b741bb705da4fc3362b) Importer(815301076,1909f56bfc062723c751e8b465ee728b)  -> (artifact id: '8c761f289b474b81f952b270340366d6') in 0.038758 seconds 
========================================================================
Received Import Request.
  Time since last request: 1.908502 seconds.
  path: Assets/Prefabs/NetworkManager.prefab
  artifactKey: Guid(e26b0e5645883b741bb705da4fc3362b) Importer(815301076,1909f56bfc062723c751e8b465ee728b)
Start importing Assets/Prefabs/NetworkManager.prefab using Guid(e26b0e5645883b741bb705da4fc3362b) Importer(815301076,1909f56bfc062723c751e8b465ee728b)  -> (artifact id: '1ae2fc15b1217f8c4bc98a3b032fdfce') in 0.042969 seconds 
========================================================================
Received Import Request.
  Time since last request: 12.125691 seconds.
  path: Assets/Prefabs/Player.prefab
  artifactKey: Guid(2730a6ae0d9e1bf488850565285e6db8) Importer(815301076,1909f56bfc062723c751e8b465ee728b)
Start importing Assets/Prefabs/Player.prefab using Guid(2730a6ae0d9e1bf488850565285e6db8) Importer(815301076,1909f56bfc062723c751e8b465ee728b)  -> (artifact id: '0dabc8b0d47530aa358b438827d9ff9a') in 0.007680 seconds 
========================================================================
Received Import Request.
  Time since last request: 1.965725 seconds.
  path: Assets/Prefabs/Player.prefab
  artifactKey: Guid(2730a6ae0d9e1bf488850565285e6db8) Importer(815301076,1909f56bfc062723c751e8b465ee728b)
Start importing Assets/Prefabs/Player.prefab using Guid(2730a6ae0d9e1bf488850565285e6db8) Importer(815301076,1909f56bfc062723c751e8b465ee728b)  -> (artifact id: '8db29fb0bb32a0def1b5b0cb3d03e2ad') in 0.006719 seconds 
========================================================================
Received Import Request.
  Time since last request: 119.959150 seconds.
  path: Assets/Prefabs/RTSPlayer.prefab
  artifactKey: Guid(4023a04dba67a2d45b8a689732c2f598) Importer(815301076,1909f56bfc062723c751e8b465ee728b)
Start importing Assets/Prefabs/RTSPlayer.prefab using Guid(4023a04dba67a2d45b8a689732c2f598) Importer(815301076,1909f56bfc062723c751e8b465ee728b)  -> (artifact id: '3332b758dc071a0af4dac6ff02e60453') in 0.009929 seconds 
========================================================================
Received Import Request.
  Time since last request: 4.192127 seconds.
  path: Assets/Mirror/Examples/RigidbodyPhysics/Prefabs/Empty Player.prefab
  artifactKey: Guid(4ab0a427bdc13244499c6e044ad7eb40) Importer(815301076,1909f56bfc062723c751e8b465ee728b)
Start importing Assets/Mirror/Examples/RigidbodyPhysics/Prefabs/Empty Player.prefab using Guid(4ab0a427bdc13244499c6e044ad7eb40) Importer(815301076,1909f56bfc062723c751e8b465ee728b)  -> (artifact id: 'b703e9f0c5c1beedef508a6e71fea4e2') in 0.026050 seconds 
========================================================================
Received Import Request.
  Time since last request: 0.000025 seconds.
  path: Assets/Mirror/Examples/MultipleMatches/Prefabs/MatchPlayer.prefab
  artifactKey: Guid(11d2414f1e120a14c98cba6866e5348f) Importer(815301076,1909f56bfc062723c751e8b465ee728b)
Start importing Assets/Mirror/Examples/MultipleMatches/Prefabs/MatchPlayer.prefab using Guid(11d2414f1e120a14c98cba6866e5348f) Importer(815301076,1909f56bfc062723c751e8b465ee728b)  -> (artifact id: '647eb35611257906f6c77288fcc88567') in 0.008083 seconds 
========================================================================
Received Import Request.
  Time since last request: 0.000029 seconds.
  path: Assets/Mirror/Examples/Room/Materials/Player.mat
  artifactKey: Guid(ac64a68d9ea8fa9459ff2f158065c1d0) Importer(815301076,1909f56bfc062723c751e8b465ee728b)
Start importing Assets/Mirror/Examples/Room/Materials/Player.mat using Guid(ac64a68d9ea8fa9459ff2f158065c1d0) Importer(815301076,1909f56bfc062723c751e8b465ee728b)  -> (artifact id: '2c9482eb50caaa2a68251379fbba1450') in 0.475382 seconds 
========================================================================
Received Import Request.
  Time since last request: 0.000030 seconds.
  path: Assets/Mirror/Examples/MultipleAdditiveScenes/Prefabs/Player.prefab
  artifactKey: Guid(1f4d376d8ca693049abd1744e4c79fad) Importer(815301076,1909f56bfc062723c751e8b465ee728b)
Start importing Assets/Mirror/Examples/MultipleAdditiveScenes/Prefabs/Player.prefab using Guid(1f4d376d8ca693049abd1744e4c79fad) Importer(815301076,1909f56bfc062723c751e8b465ee728b)  -> (artifact id: '345f38088b024f86514e16bf43b2b643') in 0.049954 seconds 
========================================================================
Received Import Request.
  Time since last request: 0.000060 seconds.
  path: Assets/Mirror/Examples/MultipleAdditiveScenes/Materials/Physics/Player.physicMaterial
  artifactKey: Guid(2debad4ac21a6644faf4fc93bd5b5869) Importer(815301076,1909f56bfc062723c751e8b465ee728b)
Start importing Assets/Mirror/Examples/MultipleAdditiveScenes/Materials/Physics/Player.physicMaterial using Guid(2debad4ac21a6644faf4fc93bd5b5869) Importer(815301076,1909f56bfc062723c751e8b465ee728b)  -> (artifact id: '987b7e1d3a0a1f713e218446fe0c7d9f') in 0.004541 seconds 
========================================================================
Received Import Request.
  Time since last request: 0.000053 seconds.
  path: Assets/Mirror/Examples/AdditiveScenes/Materials/Player.mat
  artifactKey: Guid(792117fe9a386a8489e8010bec746339) Importer(815301076,1909f56bfc062723c751e8b465ee728b)
Start importing Assets/Mirror/Examples/AdditiveScenes/Materials/Player.mat using Guid(792117fe9a386a8489e8010bec746339) Importer(815301076,1909f56bfc062723c751e8b465ee728b)  -> (artifact id: 'b971b2269931198c59df9394b428ca2a') in 0.035710 seconds 
========================================================================
Received Import Request.
  Time since last request: 0.000029 seconds.
  path: Assets/Mirror/Examples/MultipleMatches/Prefabs/PlayerGUI.prefab
  artifactKey: Guid(504f86497324bc040be44f6f88b6cc73) Importer(815301076,1909f56bfc062723c751e8b465ee728b)
Start importing Assets/Mirror/Examples/MultipleMatches/Prefabs/PlayerGUI.prefab using Guid(504f86497324bc040be44f6f88b6cc73) Importer(815301076,1909f56bfc062723c751e8b465ee728b)  -> (artifact id: '65ba6b844467c5a0e068dea75b267cff') in 0.013945 seconds 
========================================================================
Received Import Request.
  Time since last request: 0.000054 seconds.
  path: Assets/Mirror/Examples/AdditiveScenes/Prefabs/Player.prefab
  artifactKey: Guid(a5bdca0a2315d43499be7dcef473fbc7) Importer(815301076,1909f56bfc062723c751e8b465ee728b)
Start importing Assets/Mirror/Examples/AdditiveScenes/Prefabs/Player.prefab using Guid(a5bdca0a2315d43499be7dcef473fbc7) Importer(815301076,1909f56bfc062723c751e8b465ee728b)  -> (artifact id: '04f19c0a8b43b02ff2f82d37e5fc23d4') in 0.023099 seconds 
========================================================================
Received Import Request.
  Time since last request: 0.000041 seconds.
  path: Assets/Mirror/Examples/Room/Prefabs/RoomPlayer.prefab
  artifactKey: Guid(deae2134a1d77704b9c595efe69767dd) Importer(815301076,1909f56bfc062723c751e8b465ee728b)
Start importing Assets/Mirror/Examples/Room/Prefabs/RoomPlayer.prefab using Guid(deae2134a1d77704b9c595efe69767dd) Importer(815301076,1909f56bfc062723c751e8b465ee728b)  -> (artifact id: 'a8c357a30917faf9a98b465835d70383') in 0.011007 seconds 
========================================================================
Received Import Request.
  Time since last request: 0.000060 seconds.
  path: Assets/Mirror/Examples/AdditiveLevels/Materials/Player.mat
  artifactKey: Guid(6b7039502d1528a4db29c4d43d159b01) Importer(815301076,1909f56bfc062723c751e8b465ee728b)
Start importing Assets/Mirror/Examples/AdditiveLevels/Materials/Player.mat using Guid(6b7039502d1528a4db29c4d43d159b01) Importer(815301076,1909f56bfc062723c751e8b465ee728b)  -> (artifact id: '35581f777dfff063db8af18be4a3bbea') in 0.030987 seconds 
========================================================================
Received Import Request.
  Time since last request: 0.000034 seconds.
  path: Assets/Mirror/Examples/Room/Prefabs/GamePlayer.prefab
  artifactKey: Guid(21daf89214c6ee443ad6875b73083c60) Importer(815301076,1909f56bfc062723c751e8b465ee728b)
Start importing Assets/Mirror/Examples/Room/Prefabs/GamePlayer.prefab using Guid(21daf89214c6ee443ad6875b73083c60) Importer(815301076,1909f56bfc062723c751e8b465ee728b)  -> (artifact id: '805778cdf25b94475a48aa6fc1d54857') in 0.022103 seconds 
========================================================================
Received Import Request.
  Time since last request: 0.000040 seconds.
  path: Assets/Mirror/Examples/Basic/Prefabs/PlayerUI.prefab
  artifactKey: Guid(22f1fa3a0aff72b46a371f667bb4fb30) Importer(815301076,1909f56bfc062723c751e8b465ee728b)
Start importing Assets/Mirror/Examples/Basic/Prefabs/PlayerUI.prefab using Guid(22f1fa3a0aff72b46a371f667bb4fb30) Importer(815301076,1909f56bfc062723c751e8b465ee728b)  -> (artifact id: '28a72b86f4ddccbc042c434cf327c5ba') in 0.013508 seconds 
========================================================================
Received Import Request.
  Time since last request: 0.000023 seconds.
  path: Assets/Mirror/Examples/Basic/Prefabs/Player.prefab
  artifactKey: Guid(dc2c4328591bef748abb8df795c17202) Importer(815301076,1909f56bfc062723c751e8b465ee728b)
Start importing Assets/Mirror/Examples/Basic/Prefabs/Player.prefab using Guid(dc2c4328591bef748abb8df795c17202) Importer(815301076,1909f56bfc062723c751e8b465ee728b)  -> (artifact id: '8c43df171084afaf81766fb822f1a403') in 0.007832 seconds 
========================================================================
Received Import Request.
  Time since last request: 0.000054 seconds.
  path: Assets/Mirror/Examples/AdditiveLevels/Prefabs/Player.prefab
  artifactKey: Guid(9f0094c1325091d42a558274b947221f) Importer(815301076,1909f56bfc062723c751e8b465ee728b)
Start importing Assets/Mirror/Examples/AdditiveLevels/Prefabs/Player.prefab using Guid(9f0094c1325091d42a558274b947221f) Importer(815301076,1909f56bfc062723c751e8b465ee728b)  -> (artifact id: '013c0b33493f551d05402be57998fc68') in 0.020538 seconds 
========================================================================
Received Import Request.
  Time since last request: 0.000031 seconds.
  path: Assets/Mirror/Examples/MultipleAdditiveScenes/Materials/Render/Player.mat
  artifactKey: Guid(2089070a3452e6f4d866c53e51aae8f2) Importer(815301076,1909f56bfc062723c751e8b465ee728b)
Start importing Assets/Mirror/Examples/MultipleAdditiveScenes/Materials/Render/Player.mat using Guid(2089070a3452e6f4d866c53e51aae8f2) Importer(815301076,1909f56bfc062723c751e8b465ee728b)  -> (artifact id: '9501f748457aa0a539c21481c1d95da4') in 0.017680 seconds 
========================================================================
Received Import Request.
  Time since last request: 0.000054 seconds.
  path: Assets/Mirror/Examples/Benchmark/Prefabs/Player.prefab
  artifactKey: Guid(e1299008405d14b17b1ca459a6cd44a2) Importer(815301076,1909f56bfc062723c751e8b465ee728b)
Start importing Assets/Mirror/Examples/Benchmark/Prefabs/Player.prefab using Guid(e1299008405d14b17b1ca459a6cd44a2) Importer(815301076,1909f56bfc062723c751e8b465ee728b)  -> (artifact id: '43915959f18fc73915c8c570df7360ff') in 0.038042 seconds 
========================================================================
Received Import Request.
  Time since last request: 0.000028 seconds.
  path: Assets/Mirror/Examples/Discovery/Prefabs/Player.prefab
  artifactKey: Guid(ecd52c53a6ef7496693343d3e32dace1) Importer(815301076,1909f56bfc062723c751e8b465ee728b)
Start importing Assets/Mirror/Examples/Discovery/Prefabs/Player.prefab using Guid(ecd52c53a6ef7496693343d3e32dace1) Importer(815301076,1909f56bfc062723c751e8b465ee728b)  -> (artifact id: 'eca40d1363eb8c1c8368dcdbe2834daa') in 0.018703 seconds 
========================================================================
Received Import Request.
  Time since last request: 18.734291 seconds.
  path: Assets/Prefabs/RTSPlayer.prefab
  artifactKey: Guid(4023a04dba67a2d45b8a689732c2f598) Importer(815301076,1909f56bfc062723c751e8b465ee728b)
Start importing Assets/Prefabs/RTSPlayer.prefab using Guid(4023a04dba67a2d45b8a689732c2f598) Importer(815301076,1909f56bfc062723c751e8b465ee728b)  -> (artifact id: 'c4b3dee027b01b056f9b20069b4c268f') in 0.007183 seconds 
========================================================================
Received Import Request.
  Time since last request: 19.892507 seconds.
  path: Assets/Prefabs/RTSPlayer.prefab
  artifactKey: Guid(4023a04dba67a2d45b8a689732c2f598) Importer(815301076,1909f56bfc062723c751e8b465ee728b)
Start importing Assets/Prefabs/RTSPlayer.prefab using Guid(4023a04dba67a2d45b8a689732c2f598) Importer(815301076,1909f56bfc062723c751e8b465ee728b)  -> (artifact id: 'e7522c8b52419b0c90e17d84cc9d64e1') in 0.008558 seconds 
========================================================================
Received Import Request.
  Time since last request: 7.722034 seconds.
  path: Assets/Prefabs/RTSPlayer.prefab
  artifactKey: Guid(4023a04dba67a2d45b8a689732c2f598) Importer(815301076,1909f56bfc062723c751e8b465ee728b)
Start importing Assets/Prefabs/RTSPlayer.prefab using Guid(4023a04dba67a2d45b8a689732c2f598) Importer(815301076,1909f56bfc062723c751e8b465ee728b)  -> (artifact id: 'b1f74ae0ad92e5089bd599de30173549') in 0.006584 seconds 
========================================================================
Received Import Request.
  Time since last request: 51.750189 seconds.
  path: Assets/Prefabs/RTSPlayer.prefab
  artifactKey: Guid(4023a04dba67a2d45b8a689732c2f598) Importer(815301076,1909f56bfc062723c751e8b465ee728b)
Start importing Assets/Prefabs/RTSPlayer.prefab using Guid(4023a04dba67a2d45b8a689732c2f598) Importer(815301076,1909f56bfc062723c751e8b465ee728b)  -> (artifact id: 'fe0606f153677e11e066f1fe124e21c4') in 0.006533 seconds 
========================================================================
Received Import Request.
  Time since last request: 2.175918 seconds.
  path: Assets/Prefabs/RTSPlayer.prefab
  artifactKey: Guid(4023a04dba67a2d45b8a689732c2f598) Importer(815301076,1909f56bfc062723c751e8b465ee728b)
Start importing Assets/Prefabs/RTSPlayer.prefab using Guid(4023a04dba67a2d45b8a689732c2f598) Importer(815301076,1909f56bfc062723c751e8b465ee728b)  -> (artifact id: '26561349cea28fea40e6767e636f22ad') in 0.006610 seconds 
========================================================================
Received Import Request.
  Time since last request: 0.737370 seconds.
  path: Assets/Prefabs/RTSPlayer.prefab
  artifactKey: Guid(4023a04dba67a2d45b8a689732c2f598) Importer(815301076,1909f56bfc062723c751e8b465ee728b)
Start importing Assets/Prefabs/RTSPlayer.prefab using Guid(4023a04dba67a2d45b8a689732c2f598) Importer(815301076,1909f56bfc062723c751e8b465ee728b)  -> (artifact id: '748b1a59342269117a63c785fb0796d1') in 0.018494 seconds 
========================================================================
Received Import Request.
  Time since last request: 37.583473 seconds.
  path: Assets/Prefabs/RTSPlayer.prefab
  artifactKey: Guid(4023a04dba67a2d45b8a689732c2f598) Importer(815301076,1909f56bfc062723c751e8b465ee728b)
Start importing Assets/Prefabs/RTSPlayer.prefab using Guid(4023a04dba67a2d45b8a689732c2f598) Importer(815301076,1909f56bfc062723c751e8b465ee728b)  -> (artifact id: 'aac61eb29c5c9b96f4ae9e39ec8bb5c7') in 0.033300 seconds 
========================================================================
Received Import Request.
  Time since last request: 7.783269 seconds.
  path: Assets/Prefabs/RTSPlayer.prefab
  artifactKey: Guid(4023a04dba67a2d45b8a689732c2f598) Importer(815301076,1909f56bfc062723c751e8b465ee728b)
Start importing Assets/Prefabs/RTSPlayer.prefab using Guid(4023a04dba67a2d45b8a689732c2f598) Importer(815301076,1909f56bfc062723c751e8b465ee728b)  -> (artifact id: 'f730d0416687623d2f36df43873c58b0') in 0.032486 seconds 
========================================================================
Received Import Request.
  Time since last request: 26.031656 seconds.
  path: Assets/Prefabs/RTSPlayer.prefab
  artifactKey: Guid(4023a04dba67a2d45b8a689732c2f598) Importer(815301076,1909f56bfc062723c751e8b465ee728b)
Start importing Assets/Prefabs/RTSPlayer.prefab using Guid(4023a04dba67a2d45b8a689732c2f598) Importer(815301076,1909f56bfc062723c751e8b465ee728b)  -> (artifact id: '7309d7e2911e921ed2324e954961e8e8') in 0.039643 seconds 
========================================================================
Received Prepare
Registering precompiled user dll's ...
Registered in 0.008890 seconds.
Begin MonoManager ReloadAssembly
Symbol file LoadedFromMemory doesn't match image D:\UnityOnlineLearning\Library\PackageCache\com.unity.visualscripting@1.7.8\Editor\VisualScripting.Core\Dependencies\DotNetZip\Unity.VisualScripting.IonicZip.dll
Symbol file LoadedFromMemory doesn't match image D:\UnityOnlineLearning\Library\PackageCache\com.unity.visualscripting@1.7.8\Editor\VisualScripting.Core\Dependencies\YamlDotNet\Unity.VisualScripting.YamlDotNet.dll
Native extension for WindowsStandalone target not found
Native extension for iOS target not found
Native extension for Android target not found
Refreshing native plugins compatible for Editor in 1.46 ms, found 4 plugins.
Preloading 0 native plugins for Editor in 0.00 ms.
Mono: successfully reloaded assembly
- Completed reload, in  1.752 seconds
Domain Reload Profiling:
	ReloadAssembly (1753ms)
		BeginReloadAssembly (163ms)
			ExecutionOrderSort (0ms)
			DisableScriptedObjects (10ms)
			BackupInstance (0ms)
			ReleaseScriptingObjects (0ms)
			CreateAndSetChildDomain (63ms)
		EndReloadAssembly (1496ms)
			LoadAssemblies (106ms)
			RebuildTransferFunctionScriptingTraits (0ms)
			SetupTypeCache (356ms)
			ReleaseScriptCaches (2ms)
			RebuildScriptCaches (65ms)
			SetupLoadedEditorAssemblies (879ms)
				LogAssemblyErrors (0ms)
				InitializePlatformSupportModulesInManaged (29ms)
				SetLoadedEditorAssemblies (2ms)
				RefreshPlugins (2ms)
				BeforeProcessingInitializeOnLoad (140ms)
				ProcessInitializeOnLoadAttributes (552ms)
				ProcessInitializeOnLoadMethodAttributes (151ms)
				AfterProcessingInitializeOnLoad (3ms)
				EditorAssembliesLoaded (0ms)
			ExecutionOrderSort2 (0ms)
			AwakeInstancesAfterBackupRestoration (13ms)
Platform modules already initialized, skipping
Refreshing native plugins compatible for Editor in 6.87 ms, found 4 plugins.
Preloading 0 native plugins for Editor in 0.00 ms.
Unloading 7180 Unused Serialized files (Serialized files now loaded: 0)
Unloading 97 unused Assets / (2.0 MB). Loaded Objects now: 7967.
Memory consumption went from 301.4 MB to 299.3 MB.
Total: 12.189100 ms (FindLiveObjects: 0.960700 ms CreateObjectMapping: 1.568400 ms MarkObjects: 8.557000 ms  DeleteObjects: 1.100700 ms)

AssetImportParameters requested are different than current active one (requested -> active):
  custom:video-decoder-ogg-theora: a1e56fd34408186e4bbccfd4996cb3dc -> 
  custom:container-muxer-webm: aa71ff27fc2769a1b78a27578f13a17b -> 
  custom:container-demuxer-webm: 4f35f7cbe854078d1ac9338744f61a02 -> 
  custom:video-encoder-webm-vp8: eb34c28f22e8b96e1ab97ce403110664 -> 
  custom:audio-encoder-webm-vorbis: bf7c407c2cedff20999df2af8eb42d56 -> 
  custom:framework-win-MediaFoundation: 216162199b28c13a410421893ffa2e32 -> 
  custom:container-demuxer-ogg: 62fdf1f143b41e24485cea50d1cbac27 -> 
  custom:video-decoder-webm-vp8: 9c59270c3fd7afecdb556c50c9e8de78 -> 
  custom:audio-decoder-ogg-vorbis: bf7c407c2cedff20999df2af8eb42d56 -> 
========================================================================
Received Prepare
Refreshing native plugins compatible for Editor in 10.82 ms, found 4 plugins.
Preloading 0 native plugins for Editor in 0.00 ms.
Unloading 94 Unused Serialized files (Serialized files now loaded: 0)
Unloading 94 unused Assets / (2.0 MB). Loaded Objects now: 7967.
Memory consumption went from 158.1 MB to 156.1 MB.
Total: 8.180100 ms (FindLiveObjects: 0.542300 ms CreateObjectMapping: 0.497500 ms MarkObjects: 6.560000 ms  DeleteObjects: 0.579500 ms)

AssetImportParameters requested are different than current active one (requested -> active):
  custom:video-decoder-ogg-theora: a1e56fd34408186e4bbccfd4996cb3dc -> 
  custom:container-muxer-webm: aa71ff27fc2769a1b78a27578f13a17b -> 
  custom:container-demuxer-webm: 4f35f7cbe854078d1ac9338744f61a02 -> 
  custom:video-encoder-webm-vp8: eb34c28f22e8b96e1ab97ce403110664 -> 
  custom:audio-encoder-webm-vorbis: bf7c407c2cedff20999df2af8eb42d56 -> 
  custom:framework-win-MediaFoundation: 216162199b28c13a410421893ffa2e32 -> 
  custom:container-demuxer-ogg: 62fdf1f143b41e24485cea50d1cbac27 -> 
  custom:video-decoder-webm-vp8: 9c59270c3fd7afecdb556c50c9e8de78 -> 
  custom:audio-decoder-ogg-vorbis: bf7c407c2cedff20999df2af8eb42d56 -> 
========================================================================
Received Prepare
Registering precompiled user dll's ...
Registered in 0.010399 seconds.
Begin MonoManager ReloadAssembly
Symbol file LoadedFromMemory doesn't match image D:\UnityOnlineLearning\Library\PackageCache\com.unity.visualscripting@1.7.8\Editor\VisualScripting.Core\Dependencies\DotNetZip\Unity.VisualScripting.IonicZip.dll
Symbol file LoadedFromMemory doesn't match image D:\UnityOnlineLearning\Library\PackageCache\com.unity.visualscripting@1.7.8\Editor\VisualScripting.Core\Dependencies\YamlDotNet\Unity.VisualScripting.YamlDotNet.dll
Native extension for WindowsStandalone target not found
Native extension for iOS target not found
Native extension for Android target not found
Refreshing native plugins compatible for Editor in 1.99 ms, found 4 plugins.
Preloading 0 native plugins for Editor in 0.00 ms.
Mono: successfully reloaded assembly
- Completed reload, in  2.464 seconds
Domain Reload Profiling:
	ReloadAssembly (2465ms)
		BeginReloadAssembly (231ms)
			ExecutionOrderSort (0ms)
			DisableScriptedObjects (13ms)
			BackupInstance (0ms)
			ReleaseScriptingObjects (0ms)
			CreateAndSetChildDomain (86ms)
		EndReloadAssembly (2120ms)
			LoadAssemblies (144ms)
			RebuildTransferFunctionScriptingTraits (0ms)
			SetupTypeCache (390ms)
			ReleaseScriptCaches (3ms)
			RebuildScriptCaches (92ms)
			SetupLoadedEditorAssemblies (1357ms)
				LogAssemblyErrors (0ms)
				InitializePlatformSupportModulesInManaged (47ms)
				SetLoadedEditorAssemblies (1ms)
				RefreshPlugins (2ms)
				BeforeProcessingInitializeOnLoad (196ms)
				ProcessInitializeOnLoadAttributes (808ms)
				ProcessInitializeOnLoadMethodAttributes (298ms)
				AfterProcessingInitializeOnLoad (4ms)
				EditorAssembliesLoaded (1ms)
			ExecutionOrderSort2 (0ms)
			AwakeInstancesAfterBackupRestoration (30ms)
Platform modules already initialized, skipping
Refreshing native plugins compatible for Editor in 14.91 ms, found 4 plugins.
Preloading 0 native plugins for Editor in 0.00 ms.
Unloading 7180 Unused Serialized files (Serialized files now loaded: 0)
Unloading 94 unused Assets / (2.0 MB). Loaded Objects now: 7982.
Memory consumption went from 301.3 MB to 299.3 MB.
Total: 16.994800 ms (FindLiveObjects: 0.736600 ms CreateObjectMapping: 1.022900 ms MarkObjects: 14.027200 ms  DeleteObjects: 1.206600 ms)

AssetImportParameters requested are different than current active one (requested -> active):
  custom:video-decoder-ogg-theora: a1e56fd34408186e4bbccfd4996cb3dc -> 
  custom:container-muxer-webm: aa71ff27fc2769a1b78a27578f13a17b -> 
  custom:container-demuxer-webm: 4f35f7cbe854078d1ac9338744f61a02 -> 
  custom:video-encoder-webm-vp8: eb34c28f22e8b96e1ab97ce403110664 -> 
  custom:audio-encoder-webm-vorbis: bf7c407c2cedff20999df2af8eb42d56 -> 
  custom:framework-win-MediaFoundation: 216162199b28c13a410421893ffa2e32 -> 
  custom:container-demuxer-ogg: 62fdf1f143b41e24485cea50d1cbac27 -> 
  custom:video-decoder-webm-vp8: 9c59270c3fd7afecdb556c50c9e8de78 -> 
  custom:audio-decoder-ogg-vorbis: bf7c407c2cedff20999df2af8eb42d56 -> 
========================================================================
Received Import Request.
  Time since last request: 289.210149 seconds.
  path: Assets/Prefabs/RTSPlayer.prefab
  artifactKey: Guid(4023a04dba67a2d45b8a689732c2f598) Importer(815301076,1909f56bfc062723c751e8b465ee728b)
Start importing Assets/Prefabs/RTSPlayer.prefab using Guid(4023a04dba67a2d45b8a689732c2f598) Importer(815301076,1909f56bfc062723c751e8b465ee728b)  -> (artifact id: 'ae1437aeb8e5a1bae987a8483877ca36') in 0.190007 seconds 
========================================================================
Received Import Request.
  Time since last request: 7.431550 seconds.
  path: Assets/Prefabs/RTSPlayer.prefab
  artifactKey: Guid(4023a04dba67a2d45b8a689732c2f598) Importer(815301076,1909f56bfc062723c751e8b465ee728b)
Start importing Assets/Prefabs/RTSPlayer.prefab using Guid(4023a04dba67a2d45b8a689732c2f598) Importer(815301076,1909f56bfc062723c751e8b465ee728b)  -> (artifact id: '4e85d711bf26d3da89c86c418d46bb7d') in 0.064099 seconds 
========================================================================
Received Import Request.
  Time since last request: 1.584611 seconds.
  path: Assets/Prefabs/RTSPlayer.prefab
  artifactKey: Guid(4023a04dba67a2d45b8a689732c2f598) Importer(815301076,1909f56bfc062723c751e8b465ee728b)
Start importing Assets/Prefabs/RTSPlayer.prefab using Guid(4023a04dba67a2d45b8a689732c2f598) Importer(815301076,1909f56bfc062723c751e8b465ee728b)  -> (artifact id: '81b6210b2ed603e7f75604d2d9631852') in 0.078341 seconds 
========================================================================
Received Prepare
Registering precompiled user dll's ...
Registered in 0.010583 seconds.
Begin MonoManager ReloadAssembly
Symbol file LoadedFromMemory doesn't match image D:\UnityOnlineLearning\Library\PackageCache\com.unity.visualscripting@1.7.8\Editor\VisualScripting.Core\Dependencies\DotNetZip\Unity.VisualScripting.IonicZip.dll
Symbol file LoadedFromMemory doesn't match image D:\UnityOnlineLearning\Library\PackageCache\com.unity.visualscripting@1.7.8\Editor\VisualScripting.Core\Dependencies\YamlDotNet\Unity.VisualScripting.YamlDotNet.dll
Native extension for WindowsStandalone target not found
Native extension for iOS target not found
Native extension for Android target not found
Refreshing native plugins compatible for Editor in 3.81 ms, found 4 plugins.
Preloading 0 native plugins for Editor in 0.00 ms.
Mono: successfully reloaded assembly
- Completed reload, in  3.589 seconds
Domain Reload Profiling:
	ReloadAssembly (3591ms)
		BeginReloadAssembly (226ms)
			ExecutionOrderSort (0ms)
			DisableScriptedObjects (9ms)
			BackupInstance (0ms)
			ReleaseScriptingObjects (0ms)
			CreateAndSetChildDomain (92ms)
		EndReloadAssembly (3245ms)
			LoadAssemblies (149ms)
			RebuildTransferFunctionScriptingTraits (0ms)
			SetupTypeCache (457ms)
			ReleaseScriptCaches (3ms)
			RebuildScriptCaches (100ms)
			SetupLoadedEditorAssemblies (2309ms)
				LogAssemblyErrors (0ms)
				InitializePlatformSupportModulesInManaged (51ms)
				SetLoadedEditorAssemblies (1ms)
				RefreshPlugins (4ms)
				BeforeProcessingInitializeOnLoad (283ms)
				ProcessInitializeOnLoadAttributes (1446ms)
				ProcessInitializeOnLoadMethodAttributes (515ms)
				AfterProcessingInitializeOnLoad (9ms)
				EditorAssembliesLoaded (1ms)
			ExecutionOrderSort2 (0ms)
			AwakeInstancesAfterBackupRestoration (70ms)
Platform modules already initialized, skipping
Refreshing native plugins compatible for Editor in 12.58 ms, found 4 plugins.
Preloading 0 native plugins for Editor in 0.00 ms.
Unloading 7180 Unused Serialized files (Serialized files now loaded: 0)
Unloading 97 unused Assets / (2.0 MB). Loaded Objects now: 7997.
Memory consumption went from 301.4 MB to 299.3 MB.
Total: 20.579400 ms (FindLiveObjects: 1.446700 ms CreateObjectMapping: 1.299000 ms MarkObjects: 16.714700 ms  DeleteObjects: 1.116400 ms)

AssetImportParameters requested are different than current active one (requested -> active):
  custom:video-decoder-ogg-theora: a1e56fd34408186e4bbccfd4996cb3dc -> 
  custom:container-muxer-webm: aa71ff27fc2769a1b78a27578f13a17b -> 
  custom:container-demuxer-webm: 4f35f7cbe854078d1ac9338744f61a02 -> 
  custom:video-encoder-webm-vp8: eb34c28f22e8b96e1ab97ce403110664 -> 
  custom:audio-encoder-webm-vorbis: bf7c407c2cedff20999df2af8eb42d56 -> 
  custom:framework-win-MediaFoundation: 216162199b28c13a410421893ffa2e32 -> 
  custom:container-demuxer-ogg: 62fdf1f143b41e24485cea50d1cbac27 -> 
  custom:video-decoder-webm-vp8: 9c59270c3fd7afecdb556c50c9e8de78 -> 
  custom:audio-decoder-ogg-vorbis: bf7c407c2cedff20999df2af8eb42d56 -> 
========================================================================
Received Import Request.
  Time since last request: 371.564123 seconds.
  path: Assets/Prefabs/RTSPlayer.prefab
  artifactKey: Guid(4023a04dba67a2d45b8a689732c2f598) Importer(815301076,1909f56bfc062723c751e8b465ee728b)
Start importing Assets/Prefabs/RTSPlayer.prefab using Guid(4023a04dba67a2d45b8a689732c2f598) Importer(815301076,1909f56bfc062723c751e8b465ee728b)  -> (artifact id: '09307e421af0cad5ecd05b815ac3a53a') in 0.108949 seconds 
========================================================================
Received Import Request.
  Time since last request: 18.360961 seconds.
  path: Assets/Prefabs/RTSPlayer.prefab
  artifactKey: Guid(4023a04dba67a2d45b8a689732c2f598) Importer(815301076,1909f56bfc062723c751e8b465ee728b)
Start importing Assets/Prefabs/RTSPlayer.prefab using Guid(4023a04dba67a2d45b8a689732c2f598) Importer(815301076,1909f56bfc062723c751e8b465ee728b)  -> (artifact id: 'b6f4c79e16e0c5ed6c202c3204386351') in 0.039635 seconds 
========================================================================
Received Import Request.
  Time since last request: 7.849611 seconds.
  path: Assets/Prefabs/RTSPlayer.prefab
  artifactKey: Guid(4023a04dba67a2d45b8a689732c2f598) Importer(815301076,1909f56bfc062723c751e8b465ee728b)
Start importing Assets/Prefabs/RTSPlayer.prefab using Guid(4023a04dba67a2d45b8a689732c2f598) Importer(815301076,1909f56bfc062723c751e8b465ee728b)  -> (artifact id: 'b5b3674d97a18e362f70256fad4343e3') in 0.037854 seconds 
========================================================================
Received Import Request.
  Time since last request: 6.034604 seconds.
  path: Assets/Prefabs/RTSPlayer.prefab
  artifactKey: Guid(4023a04dba67a2d45b8a689732c2f598) Importer(815301076,1909f56bfc062723c751e8b465ee728b)
Start importing Assets/Prefabs/RTSPlayer.prefab using Guid(4023a04dba67a2d45b8a689732c2f598) Importer(815301076,1909f56bfc062723c751e8b465ee728b)  -> (artifact id: '045f359e5e7ecb9a2ee221ff1a5e1dc9') in 0.036842 seconds 
========================================================================
Received Import Request.
  Time since last request: 2.008084 seconds.
  path: Assets/Prefabs/RTSPlayer.prefab
  artifactKey: Guid(4023a04dba67a2d45b8a689732c2f598) Importer(815301076,1909f56bfc062723c751e8b465ee728b)
Start importing Assets/Prefabs/RTSPlayer.prefab using Guid(4023a04dba67a2d45b8a689732c2f598) Importer(815301076,1909f56bfc062723c751e8b465ee728b)  -> (artifact id: 'c5ef668a70ccb79f2fa11a328b42c577') in 0.037367 seconds 
========================================================================
Received Import Request.
  Time since last request: 2.100020 seconds.
  path: Assets/Prefabs/RTSPlayer.prefab
  artifactKey: Guid(4023a04dba67a2d45b8a689732c2f598) Importer(815301076,1909f56bfc062723c751e8b465ee728b)
Start importing Assets/Prefabs/RTSPlayer.prefab using Guid(4023a04dba67a2d45b8a689732c2f598) Importer(815301076,1909f56bfc062723c751e8b465ee728b)  -> (artifact id: '6e203d7f0cb0a2c3c63df41275702c68') in 0.035574 seconds 
========================================================================
Received Import Request.
  Time since last request: 2.224723 seconds.
  path: Assets/Prefabs/RTSPlayer.prefab
  artifactKey: Guid(4023a04dba67a2d45b8a689732c2f598) Importer(815301076,1909f56bfc062723c751e8b465ee728b)
Start importing Assets/Prefabs/RTSPlayer.prefab using Guid(4023a04dba67a2d45b8a689732c2f598) Importer(815301076,1909f56bfc062723c751e8b465ee728b)  -> (artifact id: 'c5fb9d4a05c13ef5fb0c2749656d8427') in 0.036630 seconds 
========================================================================
Received Import Request.
  Time since last request: 14.365783 seconds.
  path: Assets/Prefabs/RTSPlayer.prefab
  artifactKey: Guid(4023a04dba67a2d45b8a689732c2f598) Importer(815301076,1909f56bfc062723c751e8b465ee728b)
Start importing Assets/Prefabs/RTSPlayer.prefab using Guid(4023a04dba67a2d45b8a689732c2f598) Importer(815301076,1909f56bfc062723c751e8b465ee728b)  -> (artifact id: '4314221365dd3e009b140d1c06cbf629') in 0.038603 seconds 
========================================================================
Received Import Request.
  Time since last request: 1.137209 seconds.
  path: Assets/Prefabs/RTSPlayer.prefab
  artifactKey: Guid(4023a04dba67a2d45b8a689732c2f598) Importer(815301076,1909f56bfc062723c751e8b465ee728b)
Start importing Assets/Prefabs/RTSPlayer.prefab using Guid(4023a04dba67a2d45b8a689732c2f598) Importer(815301076,1909f56bfc062723c751e8b465ee728b)  -> (artifact id: '737609e08379fd08c2414bd542ed15be') in 0.037333 seconds 
========================================================================
Received Import Request.
  Time since last request: 19.321274 seconds.
  path: Assets/Prefabs/RTSPlayer.prefab
  artifactKey: Guid(4023a04dba67a2d45b8a689732c2f598) Importer(815301076,1909f56bfc062723c751e8b465ee728b)
Start importing Assets/Prefabs/RTSPlayer.prefab using Guid(4023a04dba67a2d45b8a689732c2f598) Importer(815301076,1909f56bfc062723c751e8b465ee728b)  -> (artifact id: '6f55d2147ca04749dc36ac7ba70fb882') in 0.038025 seconds 
========================================================================
Received Import Request.
  Time since last request: 2.846935 seconds.
  path: Assets/Prefabs/RTSPlayer.prefab
  artifactKey: Guid(4023a04dba67a2d45b8a689732c2f598) Importer(815301076,1909f56bfc062723c751e8b465ee728b)
Start importing Assets/Prefabs/RTSPlayer.prefab using Guid(4023a04dba67a2d45b8a689732c2f598) Importer(815301076,1909f56bfc062723c751e8b465ee728b)  -> (artifact id: 'd5e486d443f4ddfa9445762e60c65114') in 0.036602 seconds 
========================================================================
Received Import Request.
  Time since last request: 2.555875 seconds.
  path: Assets/Prefabs/RTSPlayer.prefab
  artifactKey: Guid(4023a04dba67a2d45b8a689732c2f598) Importer(815301076,1909f56bfc062723c751e8b465ee728b)
Start importing Assets/Prefabs/RTSPlayer.prefab using Guid(4023a04dba67a2d45b8a689732c2f598) Importer(815301076,1909f56bfc062723c751e8b465ee728b)  -> (artifact id: '13a2b0acd778ec9bf4270107ce4214ce') in 0.039435 seconds 
========================================================================
Received Import Request.
  Time since last request: 2.148006 seconds.
  path: Assets/Prefabs/RTSPlayer.prefab
  artifactKey: Guid(4023a04dba67a2d45b8a689732c2f598) Importer(815301076,1909f56bfc062723c751e8b465ee728b)
Start importing Assets/Prefabs/RTSPlayer.prefab using Guid(4023a04dba67a2d45b8a689732c2f598) Importer(815301076,1909f56bfc062723c751e8b465ee728b)  -> (artifact id: '8b10a78b2dcd59d96554c39b707e6477') in 0.037099 seconds 
========================================================================
Received Import Request.
  Time since last request: 5.122743 seconds.
  path: Assets/Prefabs/RTSPlayer.prefab
  artifactKey: Guid(4023a04dba67a2d45b8a689732c2f598) Importer(815301076,1909f56bfc062723c751e8b465ee728b)
Start importing Assets/Prefabs/RTSPlayer.prefab using Guid(4023a04dba67a2d45b8a689732c2f598) Importer(815301076,1909f56bfc062723c751e8b465ee728b)  -> (artifact id: '71dc3ceeb6a1b78b4c1e8ce18b8cde37') in 0.035953 seconds 
========================================================================
Received Prepare
Refreshing native plugins compatible for Editor in 11.82 ms, found 4 plugins.
Preloading 0 native plugins for Editor in 0.00 ms.
Unloading 94 Unused Serialized files (Serialized files now loaded: 0)
Unloading 97 unused Assets / (2.0 MB). Loaded Objects now: 7997.
Memory consumption went from 158.6 MB to 156.6 MB.
Total: 9.532300 ms (FindLiveObjects: 0.583500 ms CreateObjectMapping: 0.680900 ms MarkObjects: 7.412500 ms  DeleteObjects: 0.854000 ms)

AssetImportParameters requested are different than current active one (requested -> active):
  custom:video-decoder-ogg-theora: a1e56fd34408186e4bbccfd4996cb3dc -> 
  custom:container-muxer-webm: aa71ff27fc2769a1b78a27578f13a17b -> 
  custom:container-demuxer-webm: 4f35f7cbe854078d1ac9338744f61a02 -> 
  custom:video-encoder-webm-vp8: eb34c28f22e8b96e1ab97ce403110664 -> 
  custom:audio-encoder-webm-vorbis: bf7c407c2cedff20999df2af8eb42d56 -> 
  custom:framework-win-MediaFoundation: 216162199b28c13a410421893ffa2e32 -> 
  custom:container-demuxer-ogg: 62fdf1f143b41e24485cea50d1cbac27 -> 
  custom:video-decoder-webm-vp8: 9c59270c3fd7afecdb556c50c9e8de78 -> 
  custom:audio-decoder-ogg-vorbis: bf7c407c2cedff20999df2af8eb42d56 -> 
========================================================================
Received Prepare
Registering precompiled user dll's ...
Registered in 0.009317 seconds.
Begin MonoManager ReloadAssembly
Symbol file LoadedFromMemory doesn't match image D:\UnityOnlineLearning\Library\PackageCache\com.unity.visualscripting@1.7.8\Editor\VisualScripting.Core\Dependencies\DotNetZip\Unity.VisualScripting.IonicZip.dll
Symbol file LoadedFromMemory doesn't match image D:\UnityOnlineLearning\Library\PackageCache\com.unity.visualscripting@1.7.8\Editor\VisualScripting.Core\Dependencies\YamlDotNet\Unity.VisualScripting.YamlDotNet.dll
Native extension for WindowsStandalone target not found
Native extension for iOS target not found
Native extension for Android target not found
Refreshing native plugins compatible for Editor in 1.95 ms, found 4 plugins.
Preloading 0 native plugins for Editor in 0.00 ms.
Mono: successfully reloaded assembly
- Completed reload, in  2.350 seconds
Domain Reload Profiling:
	ReloadAssembly (2352ms)
		BeginReloadAssembly (231ms)
			ExecutionOrderSort (0ms)
			DisableScriptedObjects (9ms)
			BackupInstance (0ms)
			ReleaseScriptingObjects (0ms)
			CreateAndSetChildDomain (89ms)
		EndReloadAssembly (1998ms)
			LoadAssemblies (158ms)
			RebuildTransferFunctionScriptingTraits (0ms)
			SetupTypeCache (555ms)
			ReleaseScriptCaches (5ms)
			RebuildScriptCaches (72ms)
			SetupLoadedEditorAssemblies (1027ms)
				LogAssemblyErrors (0ms)
				InitializePlatformSupportModulesInManaged (33ms)
				SetLoadedEditorAssemblies (1ms)
				RefreshPlugins (2ms)
				BeforeProcessingInitializeOnLoad (138ms)
				ProcessInitializeOnLoadAttributes (528ms)
				ProcessInitializeOnLoadMethodAttributes (321ms)
				AfterProcessingInitializeOnLoad (4ms)
				EditorAssembliesLoaded (1ms)
			ExecutionOrderSort2 (0ms)
			AwakeInstancesAfterBackupRestoration (32ms)
Platform modules already initialized, skipping
Refreshing native plugins compatible for Editor in 9.19 ms, found 4 plugins.
Preloading 0 native plugins for Editor in 0.00 ms.
Unloading 7180 Unused Serialized files (Serialized files now loaded: 0)
Unloading 94 unused Assets / (2.0 MB). Loaded Objects now: 8012.
Memory consumption went from 301.4 MB to 299.4 MB.
Total: 14.116700 ms (FindLiveObjects: 0.796100 ms CreateObjectMapping: 1.289700 ms MarkObjects: 11.153900 ms  DeleteObjects: 0.874300 ms)

AssetImportParameters requested are different than current active one (requested -> active):
  custom:video-decoder-ogg-theora: a1e56fd34408186e4bbccfd4996cb3dc -> 
  custom:container-muxer-webm: aa71ff27fc2769a1b78a27578f13a17b -> 
  custom:container-demuxer-webm: 4f35f7cbe854078d1ac9338744f61a02 -> 
  custom:video-encoder-webm-vp8: eb34c28f22e8b96e1ab97ce403110664 -> 
  custom:audio-encoder-webm-vorbis: bf7c407c2cedff20999df2af8eb42d56 -> 
  custom:framework-win-MediaFoundation: 216162199b28c13a410421893ffa2e32 -> 
  custom:container-demuxer-ogg: 62fdf1f143b41e24485cea50d1cbac27 -> 
  custom:video-decoder-webm-vp8: 9c59270c3fd7afecdb556c50c9e8de78 -> 
  custom:audio-decoder-ogg-vorbis: bf7c407c2cedff20999df2af8eb42d56 -> 
========================================================================
Received Import Request.
  Time since last request: 329.137414 seconds.
  path: Assets/Scenes/MenuScene.unity
  artifactKey: Guid(201bc70a901dcc44fbfb629f1d4cb932) Importer(815301076,1909f56bfc062723c751e8b465ee728b)
Start importing Assets/Scenes/MenuScene.unity using Guid(201bc70a901dcc44fbfb629f1d4cb932) Importer(815301076,1909f56bfc062723c751e8b465ee728b)  -> (artifact id: 'd697301d95fe0a6b0aa451ae356fbae4') in 0.027375 seconds 
========================================================================
Received Prepare
Registering precompiled user dll's ...
Registered in 0.009003 seconds.
Begin MonoManager ReloadAssembly
Symbol file LoadedFromMemory doesn't match image D:\UnityOnlineLearning\Library\PackageCache\com.unity.visualscripting@1.7.8\Editor\VisualScripting.Core\Dependencies\DotNetZip\Unity.VisualScripting.IonicZip.dll
Symbol file LoadedFromMemory doesn't match image D:\UnityOnlineLearning\Library\PackageCache\com.unity.visualscripting@1.7.8\Editor\VisualScripting.Core\Dependencies\YamlDotNet\Unity.VisualScripting.YamlDotNet.dll
Native extension for WindowsStandalone target not found
Native extension for iOS target not found
Native extension for Android target not found
Refreshing native plugins compatible for Editor in 1.41 ms, found 4 plugins.
Preloading 0 native plugins for Editor in 0.00 ms.
Mono: successfully reloaded assembly
- Completed reload, in  1.767 seconds
Domain Reload Profiling:
	ReloadAssembly (1768ms)
		BeginReloadAssembly (142ms)
			ExecutionOrderSort (0ms)
			DisableScriptedObjects (7ms)
			BackupInstance (0ms)
			ReleaseScriptingObjects (0ms)
			CreateAndSetChildDomain (49ms)
		EndReloadAssembly (1529ms)
			LoadAssemblies (98ms)
			RebuildTransferFunctionScriptingTraits (0ms)
			SetupTypeCache (344ms)
			ReleaseScriptCaches (2ms)
			RebuildScriptCaches (57ms)
			SetupLoadedEditorAssemblies (921ms)
				LogAssemblyErrors (0ms)
				InitializePlatformSupportModulesInManaged (27ms)
				SetLoadedEditorAssemblies (1ms)
				RefreshPlugins (1ms)
				BeforeProcessingInitializeOnLoad (125ms)
				ProcessInitializeOnLoadAttributes (524ms)
				ProcessInitializeOnLoadMethodAttributes (238ms)
				AfterProcessingInitializeOnLoad (4ms)
				EditorAssembliesLoaded (0ms)
			ExecutionOrderSort2 (0ms)
			AwakeInstancesAfterBackupRestoration (23ms)
Platform modules already initialized, skipping
Refreshing native plugins compatible for Editor in 6.10 ms, found 4 plugins.
Preloading 0 native plugins for Editor in 0.00 ms.
Unloading 7180 Unused Serialized files (Serialized files now loaded: 0)
Unloading 94 unused Assets / (2.0 MB). Loaded Objects now: 8027.
Memory consumption went from 301.4 MB to 299.4 MB.
Total: 7.598500 ms (FindLiveObjects: 0.553800 ms CreateObjectMapping: 0.473700 ms MarkObjects: 5.997000 ms  DeleteObjects: 0.572900 ms)

AssetImportParameters requested are different than current active one (requested -> active):
  custom:video-decoder-ogg-theora: a1e56fd34408186e4bbccfd4996cb3dc -> 
  custom:container-muxer-webm: aa71ff27fc2769a1b78a27578f13a17b -> 
  custom:container-demuxer-webm: 4f35f7cbe854078d1ac9338744f61a02 -> 
  custom:video-encoder-webm-vp8: eb34c28f22e8b96e1ab97ce403110664 -> 
  custom:audio-encoder-webm-vorbis: bf7c407c2cedff20999df2af8eb42d56 -> 
  custom:framework-win-MediaFoundation: 216162199b28c13a410421893ffa2e32 -> 
  custom:container-demuxer-ogg: 62fdf1f143b41e24485cea50d1cbac27 -> 
  custom:video-decoder-webm-vp8: 9c59270c3fd7afecdb556c50c9e8de78 -> 
  custom:audio-decoder-ogg-vorbis: bf7c407c2cedff20999df2af8eb42d56 -> 
========================================================================
Received Prepare
Refreshing native plugins compatible for Editor in 11.15 ms, found 4 plugins.
Preloading 0 native plugins for Editor in 0.00 ms.
Unloading 94 Unused Serialized files (Serialized files now loaded: 0)
Unloading 94 unused Assets / (2.0 MB). Loaded Objects now: 8027.
Memory consumption went from 158.2 MB to 156.2 MB.
Total: 7.604300 ms (FindLiveObjects: 0.537800 ms CreateObjectMapping: 0.458700 ms MarkObjects: 6.007300 ms  DeleteObjects: 0.599600 ms)

AssetImportParameters requested are different than current active one (requested -> active):
  custom:video-decoder-ogg-theora: a1e56fd34408186e4bbccfd4996cb3dc -> 
  custom:container-muxer-webm: aa71ff27fc2769a1b78a27578f13a17b -> 
  custom:container-demuxer-webm: 4f35f7cbe854078d1ac9338744f61a02 -> 
  custom:video-encoder-webm-vp8: eb34c28f22e8b96e1ab97ce403110664 -> 
  custom:audio-encoder-webm-vorbis: bf7c407c2cedff20999df2af8eb42d56 -> 
  custom:framework-win-MediaFoundation: 216162199b28c13a410421893ffa2e32 -> 
  custom:container-demuxer-ogg: 62fdf1f143b41e24485cea50d1cbac27 -> 
  custom:video-decoder-webm-vp8: 9c59270c3fd7afecdb556c50c9e8de78 -> 
  custom:audio-decoder-ogg-vorbis: bf7c407c2cedff20999df2af8eb42d56 -> 
========================================================================
Received Import Request.
  Time since last request: 220.838811 seconds.
  path: Assets/Mirror/Examples/AdditiveLevels/Textures/Back_Tex.jpeg
  artifactKey: Guid(1566af6e663684dbd85aa5fb32fd9148) Importer(815301076,1909f56bfc062723c751e8b465ee728b)
Start importing Assets/Mirror/Examples/AdditiveLevels/Textures/Back_Tex.jpeg using Guid(1566af6e663684dbd85aa5fb32fd9148) Importer(815301076,1909f56bfc062723c751e8b465ee728b)  -> (artifact id: 'c710c2994e76e825701f4a87e10225f1') in 0.193470 seconds 
========================================================================
Received Import Request.
  Time since last request: 0.000056 seconds.
  path: Assets/Mirror/Examples/Tanks/Models/(Public Domain) Recon_Tank/BaseColor.png
  artifactKey: Guid(ce00d67f9368944fa8ef4de6ccc77bfa) Importer(815301076,1909f56bfc062723c751e8b465ee728b)
Start importing Assets/Mirror/Examples/Tanks/Models/(Public Domain) Recon_Tank/BaseColor.png using Guid(ce00d67f9368944fa8ef4de6ccc77bfa) Importer(815301076,1909f56bfc062723c751e8b465ee728b)  -> (artifact id: 'f7c299b02cf738cbc04928a1629e71f8') in 0.071097 seconds 
========================================================================
Received Import Request.
  Time since last request: 0.000028 seconds.
  path: Packages/com.unity.purchasing/Icons/UnityEngine.Purchasing.IAPButtonIcon.png
  artifactKey: Guid(55e457740fe60405dac77af143e1a867) Importer(815301076,1909f56bfc062723c751e8b465ee728b)
Start importing Packages/com.unity.purchasing/Icons/UnityEngine.Purchasing.IAPButtonIcon.png using Guid(55e457740fe60405dac77af143e1a867) Importer(815301076,1909f56bfc062723c751e8b465ee728b)  -> (artifact id: '106834a38a241dea169af54f99f03f01') in 0.017016 seconds 
========================================================================
Received Import Request.
  Time since last request: 0.000020 seconds.
  path: Assets/Mirror/Examples/AdditiveLevels/Textures/Down_Tex.jpeg
  artifactKey: Guid(9ffeeee1accdc4b4faf2b3e27b226340) Importer(815301076,1909f56bfc062723c751e8b465ee728b)
Start importing Assets/Mirror/Examples/AdditiveLevels/Textures/Down_Tex.jpeg using Guid(9ffeeee1accdc4b4faf2b3e27b226340) Importer(815301076,1909f56bfc062723c751e8b465ee728b)  -> (artifact id: 'a8acd12a42a8f86791a5b0cdd79a1371') in 0.023187 seconds 
========================================================================
Received Import Request.
  Time since last request: 0.000027 seconds.
  path: Assets/Mirror/Examples/Tanks/Models/(Public Domain) Recon_Tank/Emissive.png
  artifactKey: Guid(9b3e91ab0048a4aa3a17706a349c6bf5) Importer(815301076,1909f56bfc062723c751e8b465ee728b)
Start importing Assets/Mirror/Examples/Tanks/Models/(Public Domain) Recon_Tank/Emissive.png using Guid(9b3e91ab0048a4aa3a17706a349c6bf5) Importer(815301076,1909f56bfc062723c751e8b465ee728b)  -> (artifact id: '3ae47d7e626e0704527491e07715e0c6') in 0.064754 seconds 
========================================================================
Received Import Request.
  Time since last request: 0.000022 seconds.
  path: Assets/Mirror/Examples/AdditiveLevels/Textures/Left_Tex.jpeg
  artifactKey: Guid(e5a0eeef6a2514a78b267405d686fe09) Importer(815301076,1909f56bfc062723c751e8b465ee728b)
Start importing Assets/Mirror/Examples/AdditiveLevels/Textures/Left_Tex.jpeg using Guid(e5a0eeef6a2514a78b267405d686fe09) Importer(815301076,1909f56bfc062723c751e8b465ee728b)  -> (artifact id: 'ad82897c81c098566eb76bb609ff6fe5') in 0.031383 seconds 
========================================================================
Received Import Request.
  Time since last request: 0.000025 seconds.
  path: Assets/Mirror/Examples/Tanks/Textures/(Public Domain) Dirt Hand Painted Texture/dirt.png
  artifactKey: Guid(bcc8fc05f1f924531a65f39394c0b703) Importer(815301076,1909f56bfc062723c751e8b465ee728b)
Start importing Assets/Mirror/Examples/Tanks/Textures/(Public Domain) Dirt Hand Painted Texture/dirt.png using Guid(bcc8fc05f1f924531a65f39394c0b703) Importer(815301076,1909f56bfc062723c751e8b465ee728b)  -> (artifact id: '0fcb82925b268587846f647b48cdc9f6') in 0.035070 seconds 
========================================================================
Received Import Request.
  Time since last request: 0.000022 seconds.
  path: Assets/Mirror/Examples/Room/Materials/Textures/Wall01.tga
  artifactKey: Guid(0ce4715b95ec59e4ca799c740a5e144a) Importer(815301076,1909f56bfc062723c751e8b465ee728b)
Start importing Assets/Mirror/Examples/Room/Materials/Textures/Wall01.tga using Guid(0ce4715b95ec59e4ca799c740a5e144a) Importer(815301076,1909f56bfc062723c751e8b465ee728b)  -> (artifact id: '8cf68be75ccd195e6ae80552a2523689') in 0.064311 seconds 
========================================================================
Received Import Request.
  Time since last request: 0.000057 seconds.
  path: Assets/Mirror/Examples/AdditiveLevels/Scenes/Online/ReflectionProbe-0.exr
  artifactKey: Guid(433b69cd38057f84bb82796761c1be49) Importer(815301076,1909f56bfc062723c751e8b465ee728b)
Start importing Assets/Mirror/Examples/AdditiveLevels/Scenes/Online/ReflectionProbe-0.exr using Guid(433b69cd38057f84bb82796761c1be49) Importer(815301076,1909f56bfc062723c751e8b465ee728b)  -> (artifact id: 'aeff3d264d09dbe8ed7c1a45daa0cc77') in 0.218247 seconds 
========================================================================
Received Import Request.
  Time since last request: 0.000025 seconds.
  path: Assets/TextMesh Pro/Sprites/EmojiOne.png
  artifactKey: Guid(dffef66376be4fa480fb02b19edbe903) Importer(815301076,1909f56bfc062723c751e8b465ee728b)
Start importing Assets/TextMesh Pro/Sprites/EmojiOne.png using Guid(dffef66376be4fa480fb02b19edbe903) Importer(815301076,1909f56bfc062723c751e8b465ee728b)  -> (artifact id: 'df9b0ae45286d1898a0921e503c38d21') in 0.019245 seconds 
========================================================================
Received Import Request.
  Time since last request: 0.000027 seconds.
  path: Assets/TextMesh Pro/Resources/Fonts & Materials/LiberationSans SDF - Fallback.asset
  artifactKey: Guid(2e498d1c8094910479dc3e1b768306a4) Importer(815301076,1909f56bfc062723c751e8b465ee728b)
Start importing Assets/TextMesh Pro/Resources/Fonts & Materials/LiberationSans SDF - Fallback.asset using Guid(2e498d1c8094910479dc3e1b768306a4) Importer(815301076,1909f56bfc062723c751e8b465ee728b)  -> (artifact id: '2cb7074768cdcee3f59aab9c3bc274ef') in 0.254538 seconds 
========================================================================
Received Import Request.
  Time since last request: 0.000031 seconds.
  path: Assets/Mirror/Examples/AdditiveLevels/Textures/Up_Tex.jpeg
  artifactKey: Guid(bd9ad886b003944169e7ce1286756940) Importer(815301076,1909f56bfc062723c751e8b465ee728b)
Start importing Assets/Mirror/Examples/AdditiveLevels/Textures/Up_Tex.jpeg using Guid(bd9ad886b003944169e7ce1286756940) Importer(815301076,1909f56bfc062723c751e8b465ee728b)  -> (artifact id: '2fb2b8d423764dffab16cab32712ee03') in 0.068766 seconds 
========================================================================
Received Import Request.
  Time since last request: 0.000032 seconds.
  path: Assets/Mirror/Examples/AdditiveLevels/Textures/Front_Tex.jpeg
  artifactKey: Guid(ca928ef0e269448ba82388eb41d48544) Importer(815301076,1909f56bfc062723c751e8b465ee728b)
Start importing Assets/Mirror/Examples/AdditiveLevels/Textures/Front_Tex.jpeg using Guid(ca928ef0e269448ba82388eb41d48544) Importer(815301076,1909f56bfc062723c751e8b465ee728b)  -> (artifact id: '1ba7decf02e92fdb6e58f716b593d519') in 0.067094 seconds 
========================================================================
Received Import Request.
  Time since last request: 0.000029 seconds.
  path: Assets/Mirror/Examples/Room/Materials/Textures/Wall01_n.tga
  artifactKey: Guid(1ef4aad253cf7e9488305da905643f09) Importer(815301076,1909f56bfc062723c751e8b465ee728b)
Start importing Assets/Mirror/Examples/Room/Materials/Textures/Wall01_n.tga using Guid(1ef4aad253cf7e9488305da905643f09) Importer(815301076,1909f56bfc062723c751e8b465ee728b)  -> (artifact id: '197af60e73a74148dd44fc2350fb5db9') in 0.030075 seconds 
========================================================================
Received Import Request.
  Time since last request: 0.000023 seconds.
  path: Packages/com.unity.purchasing/Icons/LinkBlack.png
  artifactKey: Guid(33d3dd2c39dfd49a3b2d36b20225624a) Importer(815301076,1909f56bfc062723c751e8b465ee728b)
Start importing Packages/com.unity.purchasing/Icons/LinkBlack.png using Guid(33d3dd2c39dfd49a3b2d36b20225624a) Importer(815301076,1909f56bfc062723c751e8b465ee728b)  -> (artifact id: 'e2334a9ae37b96fb848de947832ca292') in 0.043176 seconds 
========================================================================
Received Import Request.
  Time since last request: 0.000048 seconds.
  path: Assets/TextMesh Pro/Resources/Fonts & Materials/LiberationSans SDF.asset
  artifactKey: Guid(8f586378b4e144a9851e7b34d9b748ee) Importer(815301076,1909f56bfc062723c751e8b465ee728b)
Start importing Assets/TextMesh Pro/Resources/Fonts & Materials/LiberationSans SDF.asset using Guid(8f586378b4e144a9851e7b34d9b748ee) Importer(815301076,1909f56bfc062723c751e8b465ee728b)  -> (artifact id: '6b6cae92e7369f8b8df343f0ae265f52') in 0.064792 seconds 
========================================================================
Received Import Request.
  Time since last request: 0.000044 seconds.
  path: Assets/Mirror/Examples/Tanks/Models/(Public Domain) Recon_Tank/Metallic.png
  artifactKey: Guid(a7467e18a834e4d1390091c8b1ea562c) Importer(815301076,1909f56bfc062723c751e8b465ee728b)
Start importing Assets/Mirror/Examples/Tanks/Models/(Public Domain) Recon_Tank/Metallic.png using Guid(a7467e18a834e4d1390091c8b1ea562c) Importer(815301076,1909f56bfc062723c751e8b465ee728b)  -> (artifact id: '448f7829f6bd495a398ce657f787f4f5') in 0.037174 seconds 
========================================================================
Received Import Request.
  Time since last request: 0.000025 seconds.
  path: Assets/Mirror/Examples/AdditiveLevels/Textures/Right_Tex.jpeg
  artifactKey: Guid(4c8911efa34c845f28fbac86385a1b41) Importer(815301076,1909f56bfc062723c751e8b465ee728b)
Start importing Assets/Mirror/Examples/AdditiveLevels/Textures/Right_Tex.jpeg using Guid(4c8911efa34c845f28fbac86385a1b41) Importer(815301076,1909f56bfc062723c751e8b465ee728b)  -> (artifact id: 'd7b8b6d342eae2d48a531210facf2a01') in 0.055035 seconds 
========================================================================
Received Import Request.
  Time since last request: 0.000025 seconds.
  path: Packages/com.unity.purchasing/Icons/LinkWhite.png
  artifactKey: Guid(e679a29ca22bc4fa0bd848bd79a42b79) Importer(815301076,1909f56bfc062723c751e8b465ee728b)
Start importing Packages/com.unity.purchasing/Icons/LinkWhite.png using Guid(e679a29ca22bc4fa0bd848bd79a42b79) Importer(815301076,1909f56bfc062723c751e8b465ee728b)  -> (artifact id: 'c2917aa4f563011b78f13cee5acd80aa') in 0.015323 seconds 
========================================================================
Received Import Request.
  Time since last request: 0.000056 seconds.
  path: Assets/Mirror/Editor/Icon/MirrorIcon.png
  artifactKey: Guid(7453abfe9e8b2c04a8a47eb536fe21eb) Importer(815301076,1909f56bfc062723c751e8b465ee728b)
Start importing Assets/Mirror/Editor/Icon/MirrorIcon.png using Guid(7453abfe9e8b2c04a8a47eb536fe21eb) Importer(815301076,1909f56bfc062723c751e8b465ee728b)  -> (artifact id: '7b88bcd7b58e929545195882903b07e8') in 0.018265 seconds 
========================================================================
Received Import Request.
  Time since last request: 0.000027 seconds.
  path: Assets/Mirror/Examples/Tanks/Models/(Public Domain) Recon_Tank/Normal.png
  artifactKey: Guid(2617bfecca4d44805a3a51a7aa215d7c) Importer(815301076,1909f56bfc062723c751e8b465ee728b)
Start importing Assets/Mirror/Examples/Tanks/Models/(Public Domain) Recon_Tank/Normal.png using Guid(2617bfecca4d44805a3a51a7aa215d7c) Importer(815301076,1909f56bfc062723c751e8b465ee728b)  -> (artifact id: '36ad758fe6a0b51c48c792c9bde54c76') in 0.068151 seconds 
========================================================================
Received Import Request.
  Time since last request: 33.257716 seconds.
  path: Assets/Sprite/GameIcon/Game icon.png
  artifactKey: Guid(2ad20a03e22890b4c998d95b2347e24b) Importer(815301076,1909f56bfc062723c751e8b465ee728b)
Start importing Assets/Sprite/GameIcon/Game icon.png using Guid(2ad20a03e22890b4c998d95b2347e24b) Importer(815301076,1909f56bfc062723c751e8b465ee728b)  -> (artifact id: '7899f97abec476fa3a006c8ecb90a9b5') in 0.012647 seconds 
========================================================================
Received Prepare
Refreshing native plugins compatible for Editor in 12.07 ms, found 4 plugins.
Preloading 0 native plugins for Editor in 0.00 ms.
Unloading 94 Unused Serialized files (Serialized files now loaded: 0)
Unloading 94 unused Assets / (2.0 MB). Loaded Objects now: 8112.
Memory consumption went from 159.0 MB to 157.0 MB.
Total: 8.690600 ms (FindLiveObjects: 0.633500 ms CreateObjectMapping: 0.521500 ms MarkObjects: 6.957100 ms  DeleteObjects: 0.577800 ms)

AssetImportParameters requested are different than current active one (requested -> active):
  custom:video-decoder-ogg-theora: a1e56fd34408186e4bbccfd4996cb3dc -> 
  custom:container-muxer-webm: aa71ff27fc2769a1b78a27578f13a17b -> 
  custom:container-demuxer-webm: 4f35f7cbe854078d1ac9338744f61a02 -> 
  custom:video-encoder-webm-vp8: eb34c28f22e8b96e1ab97ce403110664 -> 
  custom:audio-encoder-webm-vorbis: bf7c407c2cedff20999df2af8eb42d56 -> 
  custom:framework-win-MediaFoundation: 216162199b28c13a410421893ffa2e32 -> 
  custom:container-demuxer-ogg: 62fdf1f143b41e24485cea50d1cbac27 -> 
  custom:video-decoder-webm-vp8: 9c59270c3fd7afecdb556c50c9e8de78 -> 
  custom:audio-decoder-ogg-vorbis: bf7c407c2cedff20999df2af8eb42d56 -> 
